TN:
SF:projects/dlp-home-loan/src/app/services/api.service.ts
FN:16,ApiService
FN:113,generateMobileOtp
FN:128,generateEmailOtp
FN:146,generateAadharOtp
FN:164,verifyMobileOtp
FN:179,verifyEmailOtp
FN:197,verifyAadharOtp
FN:215,fetchLoanProducts
FN:223,applyLoan
FN:232,updateLoanApplicationStatus
FN:241,updateLoanApplicationTrackingStatus
FN:250,verifyPanNumber
FN:268,nameMatch
FN:286,nameMatch_v2
FN:303,nameMatch_loan
FN:321,personalProfileUpdate
FN:339,employmentProfileUpdate
FN:359,updatePensionerEmploymentDetails
FN:368,fetchBranchList
FN:374,assignUserHierarchy
FN:394,fetchCommonProperty
FN:410,showBorrowerDetails
FN:420,updateMainLoanApplicationStatus
FN:430,fetchContracts
FN:440,initiateEsign
FN:450,acceptContract
FN:468,verifyUdyam
FN:485,updateSelfEmployment
FN:502,encryptFormBodyData
FN:528,encryptFormBodyData_JSON
FN:550,decryptFormString
FN:557,fetchLoanDetails
FN:574,borrowerDetails
FN:584,fetchSelfEmploymentDetails
FN:594,fetchPrincipalApprovedDetails
FN:611,getSupportingDoc
FN:631,EmployeeInfoProfileUpdate
FN:640,updateborrowerEmploymentDetails
FN:661,fetchProductDetail
FN:682,fetchProductDetailInfo
FN:686,updateLoanApplication
FN:695,fetchRepaymentSchedule
FN:713,submitFeedback
FN:731,callMicroservice
FN:740,uploadDocument
FN:751,completeTransact
FN:755,getUploadedDoc
FN:773,deleteDoc
FN:782,verifyGst
FN:800,fetchCibilData
FN:818,createLandDetails
FN:828,createCropDetails
FN:839,fetchConsentList
FN:875,createConsent
FN:885,genericPostApiFetchNormal
FN:904,genericPostApiFetch
FN:924,getProductStaticConfig
FN:935,apiEndpointCall
FN:947,getProductListForProductGroup
FN:957,uploadDocumentFile
FN:970,assignParkingBranch
FN:990,fetchBorrowerDetails
FN:1000,updateEmploymentDetails
FN:1004,updateSelfEmploymentDetails
FN:1007,fetchContractToAccept
FN:1011,downloadContract
FN:1024,createDownloadSession
FN:1037,downloadSession
FN:1046,panVerification_v2
FN:1056,employerSearch
FN:1076,cibilCheck
FN:1096,feedbackSubmit
FN:1100,cbsDedupe
FN:1119,getPincodeList
FN:1136,fetchDemographicDetails
FN:1156,fetchSalaryAccount
FN:1176,updateSanctionDetails
FN:1197,fetchRatingScorePl
FN:1216,fetchEligilibilityDetails
FN:1236,fetchEligiblityData
FN:1256,updateSalaryAccount
FN:1275,esignFetchStatus
FN:1285,checkDocumentUploadStatus
FN:1305,stpCheck
FN:1325,npaCheck
FN:1345,fetchBankDetails
FN:1355,callJsonValidationPost
FN:1376,callApiEndpointFromLogic
FN:1384,callPlatformEndpointFromObject
FN:1398,callMicroserviceEnpointFromObject
FN:1428,fetchBranchStateList
FN:1447,updateBorrowerLoanApplicationStatus
FN:1451,gstSearchByPan
FN:1460,borrowerExtraPropertyUpdate
FN:1480,duplicateApplicationCheck
FN:1500,saveCampaign
FN:1521,fetchCoApplicant
FN:1541,addCoApplicant
FN:1555,updateCoApplicant
FN:1569,deleteCoApplicant
FN:1584,fetchCoapplicant
FN:1598,lookupUserProfile
FN:1618,fetchHlIncomeAssesmentDetails
FN:1638,fetchHlAssesmentDetails
FN:1658,propertyDetailsCreate
FN:1667,fetchPlAssessmentDetails
FN:1677,fetchAssesmentToolData
FNF:107
FNH:1
FNDA:246,ApiService
FNDA:0,generateMobileOtp
FNDA:0,generateEmailOtp
FNDA:0,generateAadharOtp
FNDA:0,verifyMobileOtp
FNDA:0,verifyEmailOtp
FNDA:0,verifyAadharOtp
FNDA:0,fetchLoanProducts
FNDA:0,applyLoan
FNDA:0,updateLoanApplicationStatus
FNDA:0,updateLoanApplicationTrackingStatus
FNDA:0,verifyPanNumber
FNDA:0,nameMatch
FNDA:0,nameMatch_v2
FNDA:0,nameMatch_loan
FNDA:0,personalProfileUpdate
FNDA:0,employmentProfileUpdate
FNDA:0,updatePensionerEmploymentDetails
FNDA:0,fetchBranchList
FNDA:0,assignUserHierarchy
FNDA:0,fetchCommonProperty
FNDA:0,showBorrowerDetails
FNDA:0,updateMainLoanApplicationStatus
FNDA:0,fetchContracts
FNDA:0,initiateEsign
FNDA:0,acceptContract
FNDA:0,verifyUdyam
FNDA:0,updateSelfEmployment
FNDA:0,encryptFormBodyData
FNDA:0,encryptFormBodyData_JSON
FNDA:0,decryptFormString
FNDA:0,fetchLoanDetails
FNDA:0,borrowerDetails
FNDA:0,fetchSelfEmploymentDetails
FNDA:0,fetchPrincipalApprovedDetails
FNDA:0,getSupportingDoc
FNDA:0,EmployeeInfoProfileUpdate
FNDA:0,updateborrowerEmploymentDetails
FNDA:0,fetchProductDetail
FNDA:0,fetchProductDetailInfo
FNDA:0,updateLoanApplication
FNDA:0,fetchRepaymentSchedule
FNDA:0,submitFeedback
FNDA:0,callMicroservice
FNDA:0,uploadDocument
FNDA:0,completeTransact
FNDA:0,getUploadedDoc
FNDA:0,deleteDoc
FNDA:0,verifyGst
FNDA:0,fetchCibilData
FNDA:0,createLandDetails
FNDA:0,createCropDetails
FNDA:0,fetchConsentList
FNDA:0,createConsent
FNDA:0,genericPostApiFetchNormal
FNDA:0,genericPostApiFetch
FNDA:0,getProductStaticConfig
FNDA:0,apiEndpointCall
FNDA:0,getProductListForProductGroup
FNDA:0,uploadDocumentFile
FNDA:0,assignParkingBranch
FNDA:0,fetchBorrowerDetails
FNDA:0,updateEmploymentDetails
FNDA:0,updateSelfEmploymentDetails
FNDA:0,fetchContractToAccept
FNDA:0,downloadContract
FNDA:0,createDownloadSession
FNDA:0,downloadSession
FNDA:0,panVerification_v2
FNDA:0,employerSearch
FNDA:0,cibilCheck
FNDA:0,feedbackSubmit
FNDA:0,cbsDedupe
FNDA:0,getPincodeList
FNDA:0,fetchDemographicDetails
FNDA:0,fetchSalaryAccount
FNDA:0,updateSanctionDetails
FNDA:0,fetchRatingScorePl
FNDA:0,fetchEligilibilityDetails
FNDA:0,fetchEligiblityData
FNDA:0,updateSalaryAccount
FNDA:0,esignFetchStatus
FNDA:0,checkDocumentUploadStatus
FNDA:0,stpCheck
FNDA:0,npaCheck
FNDA:0,fetchBankDetails
FNDA:0,callJsonValidationPost
FNDA:0,callApiEndpointFromLogic
FNDA:0,callPlatformEndpointFromObject
FNDA:0,callMicroserviceEnpointFromObject
FNDA:0,fetchBranchStateList
FNDA:0,updateBorrowerLoanApplicationStatus
FNDA:0,gstSearchByPan
FNDA:0,borrowerExtraPropertyUpdate
FNDA:0,duplicateApplicationCheck
FNDA:0,saveCampaign
FNDA:0,fetchCoApplicant
FNDA:0,addCoApplicant
FNDA:0,updateCoApplicant
FNDA:0,deleteCoApplicant
FNDA:0,fetchCoapplicant
FNDA:0,lookupUserProfile
FNDA:0,fetchHlIncomeAssesmentDetails
FNDA:0,fetchHlAssesmentDetails
FNDA:0,propertyDetailsCreate
FNDA:0,fetchPlAssessmentDetails
FNDA:0,fetchAssesmentToolData
DA:1,1
DA:2,1
DA:3,1
DA:4,1
DA:5,1
DA:6,1
DA:7,1
DA:8,1
DA:9,1
DA:10,1
DA:11,1
DA:12,1
DA:13,1
DA:14,1
DA:15,1
DA:16,1
DA:17,246
DA:18,246
DA:19,246
DA:20,246
DA:21,246
DA:22,246
DA:23,1
DA:24,1
DA:25,1
DA:26,1
DA:27,1
DA:28,1
DA:29,1
DA:30,1
DA:31,1
DA:32,1
DA:33,1
DA:34,1
DA:35,1
DA:36,1
DA:37,1
DA:38,1
DA:39,1
DA:40,1
DA:41,1
DA:42,1
DA:43,1
DA:44,1
DA:45,1
DA:46,1
DA:47,1
DA:48,1
DA:49,1
DA:50,1
DA:51,1
DA:52,1
DA:53,1
DA:54,1
DA:55,1
DA:56,1
DA:57,1
DA:58,1
DA:59,1
DA:60,1
DA:61,1
DA:62,1
DA:63,1
DA:64,1
DA:65,1
DA:66,1
DA:67,1
DA:68,1
DA:69,1
DA:70,1
DA:71,1
DA:72,1
DA:73,1
DA:74,1
DA:75,1
DA:76,1
DA:77,1
DA:78,1
DA:79,1
DA:80,1
DA:81,1
DA:82,1
DA:83,1
DA:84,1
DA:85,1
DA:86,1
DA:87,1
DA:88,1
DA:89,1
DA:90,1
DA:91,1
DA:92,1
DA:93,1
DA:94,1
DA:95,1
DA:96,1
DA:97,1
DA:98,1
DA:99,1
DA:100,1
DA:101,1
DA:102,1
DA:103,1
DA:104,1
DA:105,1
DA:106,1
DA:107,1
DA:108,1
DA:109,1
DA:110,1
DA:111,1
DA:112,1
DA:113,1
DA:114,0
DA:115,0
DA:116,0
DA:117,0
DA:118,0
DA:119,0
DA:120,0
DA:121,0
DA:122,0
DA:123,0
DA:124,0
DA:125,0
DA:126,0
DA:127,1
DA:128,1
DA:129,0
DA:130,0
DA:131,0
DA:132,0
DA:133,0
DA:134,0
DA:135,0
DA:136,0
DA:137,0
DA:138,0
DA:139,0
DA:140,0
DA:141,0
DA:142,0
DA:143,0
DA:144,0
DA:145,1
DA:146,1
DA:147,0
DA:148,0
DA:149,0
DA:150,0
DA:151,0
DA:152,0
DA:153,0
DA:154,0
DA:155,0
DA:156,0
DA:157,0
DA:158,0
DA:159,0
DA:160,0
DA:161,0
DA:162,0
DA:163,1
DA:164,1
DA:165,0
DA:166,0
DA:167,0
DA:168,0
DA:169,0
DA:170,0
DA:171,0
DA:172,0
DA:173,0
DA:174,0
DA:175,0
DA:176,0
DA:177,0
DA:178,1
DA:179,1
DA:180,0
DA:181,0
DA:182,0
DA:183,0
DA:184,0
DA:185,0
DA:186,0
DA:187,0
DA:188,0
DA:189,0
DA:190,0
DA:191,0
DA:192,0
DA:193,0
DA:194,0
DA:195,0
DA:196,1
DA:197,1
DA:198,0
DA:199,0
DA:200,0
DA:201,0
DA:202,0
DA:203,0
DA:204,0
DA:205,0
DA:206,0
DA:207,0
DA:208,0
DA:209,0
DA:210,0
DA:211,0
DA:212,0
DA:213,0
DA:214,1
DA:215,1
DA:216,0
DA:217,0
DA:218,0
DA:219,0
DA:220,0
DA:221,0
DA:222,1
DA:223,1
DA:224,0
DA:225,0
DA:226,0
DA:227,0
DA:228,0
DA:229,0
DA:230,0
DA:231,1
DA:232,1
DA:233,0
DA:234,0
DA:235,0
DA:236,0
DA:237,0
DA:238,0
DA:239,0
DA:240,1
DA:241,1
DA:242,0
DA:243,0
DA:244,0
DA:245,0
DA:246,0
DA:247,0
DA:248,0
DA:249,1
DA:250,1
DA:251,0
DA:252,0
DA:253,0
DA:254,0
DA:255,0
DA:256,0
DA:257,0
DA:258,0
DA:259,0
DA:260,0
DA:261,0
DA:262,0
DA:263,0
DA:264,0
DA:265,0
DA:266,0
DA:267,1
DA:268,1
DA:269,0
DA:270,0
DA:271,0
DA:272,0
DA:273,0
DA:274,0
DA:275,0
DA:276,0
DA:277,0
DA:278,0
DA:279,0
DA:280,0
DA:281,0
DA:282,0
DA:283,0
DA:284,0
DA:285,1
DA:286,1
DA:287,0
DA:288,0
DA:289,0
DA:290,0
DA:291,0
DA:292,0
DA:293,0
DA:294,0
DA:295,0
DA:296,0
DA:297,0
DA:298,0
DA:299,0
DA:300,0
DA:301,0
DA:302,0
DA:303,1
DA:304,0
DA:305,0
DA:306,0
DA:307,0
DA:308,0
DA:309,0
DA:310,0
DA:311,0
DA:312,0
DA:313,0
DA:314,0
DA:315,0
DA:316,0
DA:317,0
DA:318,0
DA:319,0
DA:320,1
DA:321,1
DA:322,0
DA:323,0
DA:324,0
DA:325,0
DA:326,0
DA:327,0
DA:328,0
DA:329,0
DA:330,0
DA:331,0
DA:332,0
DA:333,0
DA:334,0
DA:335,0
DA:336,0
DA:337,0
DA:338,1
DA:339,1
DA:340,0
DA:341,0
DA:342,0
DA:343,0
DA:344,0
DA:345,0
DA:346,0
DA:347,0
DA:348,0
DA:349,0
DA:350,0
DA:351,0
DA:352,0
DA:353,0
DA:354,0
DA:355,0
DA:356,0
DA:357,0
DA:358,1
DA:359,1
DA:360,0
DA:361,0
DA:362,0
DA:363,0
DA:364,0
DA:365,0
DA:366,0
DA:367,1
DA:368,1
DA:369,0
DA:370,0
DA:371,0
DA:372,0
DA:373,0
DA:374,1
DA:375,0
DA:376,0
DA:377,0
DA:378,0
DA:379,0
DA:380,0
DA:381,0
DA:382,0
DA:383,0
DA:384,0
DA:385,0
DA:386,0
DA:387,0
DA:388,0
DA:389,0
DA:390,0
DA:391,0
DA:392,0
DA:393,1
DA:394,1
DA:395,0
DA:396,0
DA:397,0
DA:398,0
DA:399,0
DA:400,0
DA:401,0
DA:402,0
DA:403,0
DA:404,0
DA:405,0
DA:406,0
DA:407,0
DA:408,0
DA:409,1
DA:410,1
DA:411,0
DA:412,0
DA:413,0
DA:414,0
DA:415,0
DA:416,0
DA:417,0
DA:418,0
DA:419,1
DA:420,1
DA:421,0
DA:422,0
DA:423,0
DA:424,0
DA:425,0
DA:426,0
DA:427,0
DA:428,0
DA:429,1
DA:430,1
DA:431,0
DA:432,0
DA:433,0
DA:434,0
DA:435,0
DA:436,0
DA:437,0
DA:438,0
DA:439,1
DA:440,1
DA:441,0
DA:442,0
DA:443,0
DA:444,0
DA:445,0
DA:446,0
DA:447,0
DA:448,0
DA:449,1
DA:450,1
DA:451,0
DA:452,0
DA:453,0
DA:454,0
DA:455,0
DA:456,0
DA:457,0
DA:458,0
DA:459,0
DA:460,0
DA:461,0
DA:462,0
DA:463,0
DA:464,0
DA:465,0
DA:466,0
DA:467,1
DA:468,1
DA:469,0
DA:470,0
DA:471,0
DA:472,0
DA:473,0
DA:474,0
DA:475,0
DA:476,0
DA:477,0
DA:478,0
DA:479,0
DA:480,0
DA:481,0
DA:482,0
DA:483,0
DA:484,1
DA:485,1
DA:486,0
DA:487,0
DA:488,0
DA:489,0
DA:490,0
DA:491,0
DA:492,0
DA:493,0
DA:494,0
DA:495,0
DA:496,0
DA:497,0
DA:498,0
DA:499,0
DA:500,0
DA:501,0
DA:502,1
DA:503,0
DA:504,0
DA:505,0
DA:506,0
DA:507,0
DA:508,0
DA:509,0
DA:510,0
DA:511,0
DA:512,0
DA:513,0
DA:514,0
DA:515,0
DA:516,0
DA:517,0
DA:518,0
DA:519,0
DA:520,0
DA:521,0
DA:522,0
DA:523,0
DA:524,0
DA:525,0
DA:526,0
DA:527,0
DA:528,1
DA:529,0
DA:530,0
DA:531,0
DA:532,0
DA:533,0
DA:534,0
DA:535,0
DA:536,0
DA:537,0
DA:538,0
DA:539,0
DA:540,0
DA:541,0
DA:542,0
DA:543,0
DA:544,0
DA:545,0
DA:546,0
DA:547,0
DA:548,0
DA:549,1
DA:550,1
DA:551,0
DA:552,0
DA:553,0
DA:554,0
DA:555,0
DA:556,1
DA:557,1
DA:558,0
DA:559,0
DA:560,0
DA:561,0
DA:562,0
DA:563,0
DA:564,0
DA:565,0
DA:566,0
DA:567,0
DA:568,0
DA:569,0
DA:570,0
DA:571,0
DA:572,0
DA:573,0
DA:574,1
DA:575,0
DA:576,0
DA:577,0
DA:578,0
DA:579,0
DA:580,0
DA:581,0
DA:582,1
DA:583,1
DA:584,1
DA:585,0
DA:586,0
DA:587,0
DA:588,0
DA:589,0
DA:590,0
DA:591,0
DA:592,0
DA:593,1
DA:594,1
DA:595,0
DA:596,0
DA:597,0
DA:598,0
DA:599,0
DA:600,0
DA:601,0
DA:602,0
DA:603,0
DA:604,0
DA:605,0
DA:606,0
DA:607,0
DA:608,0
DA:609,0
DA:610,0
DA:611,1
DA:612,0
DA:613,0
DA:614,0
DA:615,0
DA:616,0
DA:617,0
DA:618,0
DA:619,0
DA:620,0
DA:621,0
DA:622,0
DA:623,0
DA:624,0
DA:625,0
DA:626,0
DA:627,0
DA:628,0
DA:629,0
DA:630,1
DA:631,1
DA:632,0
DA:633,0
DA:634,0
DA:635,0
DA:636,0
DA:637,0
DA:638,0
DA:639,1
DA:640,1
DA:641,0
DA:642,0
DA:643,0
DA:644,0
DA:645,0
DA:646,0
DA:647,0
DA:648,0
DA:649,0
DA:650,0
DA:651,0
DA:652,0
DA:653,0
DA:654,0
DA:655,0
DA:656,0
DA:657,0
DA:658,0
DA:659,1
DA:660,1
DA:661,1
DA:662,0
DA:663,0
DA:664,0
DA:665,0
DA:666,0
DA:667,0
DA:668,0
DA:669,0
DA:670,0
DA:671,0
DA:672,0
DA:673,0
DA:674,0
DA:675,0
DA:676,0
DA:677,0
DA:678,0
DA:679,0
DA:680,0
DA:681,1
DA:682,1
DA:683,0
DA:684,0
DA:685,1
DA:686,1
DA:687,0
DA:688,0
DA:689,0
DA:690,0
DA:691,0
DA:692,0
DA:693,0
DA:694,1
DA:695,1
DA:696,0
DA:697,0
DA:698,0
DA:699,0
DA:700,0
DA:701,0
DA:702,0
DA:703,0
DA:704,0
DA:705,0
DA:706,0
DA:707,0
DA:708,0
DA:709,0
DA:710,0
DA:711,0
DA:712,1
DA:713,1
DA:714,0
DA:715,0
DA:716,0
DA:717,0
DA:718,0
DA:719,0
DA:720,0
DA:721,0
DA:722,0
DA:723,0
DA:724,0
DA:725,0
DA:726,0
DA:727,0
DA:728,0
DA:729,0
DA:730,1
DA:731,1
DA:732,0
DA:733,0
DA:734,0
DA:735,0
DA:736,0
DA:737,0
DA:738,0
DA:739,1
DA:740,1
DA:741,0
DA:742,0
DA:743,0
DA:744,0
DA:745,0
DA:746,0
DA:747,0
DA:748,0
DA:749,0
DA:750,1
DA:751,1
DA:752,0
DA:753,0
DA:754,1
DA:755,1
DA:756,0
DA:757,0
DA:758,0
DA:759,0
DA:760,0
DA:761,0
DA:762,0
DA:763,0
DA:764,0
DA:765,0
DA:766,0
DA:767,0
DA:768,0
DA:769,0
DA:770,0
DA:771,0
DA:772,1
DA:773,1
DA:774,0
DA:775,0
DA:776,0
DA:777,0
DA:778,0
DA:779,0
DA:780,0
DA:781,1
DA:782,1
DA:783,0
DA:784,0
DA:785,0
DA:786,0
DA:787,0
DA:788,0
DA:789,0
DA:790,0
DA:791,0
DA:792,0
DA:793,0
DA:794,0
DA:795,0
DA:796,0
DA:797,0
DA:798,0
DA:799,1
DA:800,1
DA:801,0
DA:802,0
DA:803,0
DA:804,0
DA:805,0
DA:806,0
DA:807,0
DA:808,0
DA:809,0
DA:810,0
DA:811,0
DA:812,0
DA:813,0
DA:814,0
DA:815,0
DA:816,0
DA:817,1
DA:818,1
DA:819,0
DA:820,0
DA:821,0
DA:822,0
DA:823,0
DA:824,0
DA:825,0
DA:826,0
DA:827,1
DA:828,1
DA:829,0
DA:830,0
DA:831,0
DA:832,0
DA:833,0
DA:834,0
DA:835,0
DA:836,0
DA:837,1
DA:838,1
DA:839,1
DA:840,0
DA:841,0
DA:842,0
DA:843,0
DA:844,0
DA:845,0
DA:846,0
DA:847,0
DA:848,0
DA:849,0
DA:850,0
DA:851,0
DA:852,0
DA:853,0
DA:854,0
DA:855,0
DA:856,0
DA:857,0
DA:858,0
DA:859,0
DA:860,0
DA:861,0
DA:862,0
DA:863,0
DA:864,0
DA:865,0
DA:866,0
DA:867,0
DA:868,0
DA:869,0
DA:870,0
DA:871,0
DA:872,0
DA:873,0
DA:874,1
DA:875,1
DA:876,0
DA:877,0
DA:878,0
DA:879,0
DA:880,0
DA:881,0
DA:882,0
DA:883,0
DA:884,1
DA:885,1
DA:886,0
DA:887,0
DA:888,0
DA:889,0
DA:890,0
DA:891,0
DA:892,0
DA:893,0
DA:894,0
DA:895,0
DA:896,0
DA:897,0
DA:898,0
DA:899,0
DA:900,0
DA:901,0
DA:902,0
DA:903,0
DA:904,1
DA:905,0
DA:906,0
DA:907,0
DA:908,0
DA:909,0
DA:910,0
DA:911,0
DA:912,0
DA:913,0
DA:914,0
DA:915,0
DA:916,0
DA:917,0
DA:918,0
DA:919,0
DA:920,0
DA:921,0
DA:922,0
DA:923,1
DA:924,1
DA:925,0
DA:926,0
DA:927,0
DA:928,0
DA:929,0
DA:930,0
DA:931,0
DA:932,0
DA:933,0
DA:934,1
DA:935,1
DA:936,0
DA:937,0
DA:938,0
DA:939,0
DA:940,0
DA:941,0
DA:942,0
DA:943,0
DA:944,0
DA:945,0
DA:946,1
DA:947,1
DA:948,0
DA:949,0
DA:950,0
DA:951,0
DA:952,0
DA:953,0
DA:954,0
DA:955,0
DA:956,1
DA:957,1
DA:958,0
DA:959,0
DA:960,0
DA:961,0
DA:962,0
DA:963,0
DA:964,0
DA:965,0
DA:966,0
DA:967,0
DA:968,0
DA:969,1
DA:970,1
DA:971,0
DA:972,0
DA:973,0
DA:974,0
DA:975,0
DA:976,0
DA:977,0
DA:978,0
DA:979,0
DA:980,0
DA:981,0
DA:982,0
DA:983,0
DA:984,0
DA:985,0
DA:986,0
DA:987,0
DA:988,0
DA:989,1
DA:990,1
DA:991,0
DA:992,0
DA:993,0
DA:994,0
DA:995,0
DA:996,0
DA:997,0
DA:998,0
DA:999,1
DA:1000,1
DA:1001,0
DA:1002,0
DA:1003,1
DA:1004,1
DA:1005,0
DA:1006,0
DA:1007,1
DA:1008,0
DA:1009,0
DA:1010,1
DA:1011,1
DA:1012,0
DA:1013,0
DA:1014,0
DA:1015,0
DA:1016,0
DA:1017,0
DA:1018,0
DA:1019,0
DA:1020,0
DA:1021,0
DA:1022,0
DA:1023,1
DA:1024,1
DA:1025,0
DA:1026,0
DA:1027,0
DA:1028,0
DA:1029,0
DA:1030,0
DA:1031,0
DA:1032,0
DA:1033,0
DA:1034,0
DA:1035,0
DA:1036,1
DA:1037,1
DA:1038,0
DA:1039,0
DA:1040,0
DA:1041,0
DA:1042,0
DA:1043,0
DA:1044,0
DA:1045,1
DA:1046,1
DA:1047,0
DA:1048,0
DA:1049,0
DA:1050,0
DA:1051,0
DA:1052,0
DA:1053,0
DA:1054,0
DA:1055,1
DA:1056,1
DA:1057,0
DA:1058,0
DA:1059,0
DA:1060,0
DA:1061,0
DA:1062,0
DA:1063,0
DA:1064,0
DA:1065,0
DA:1066,0
DA:1067,0
DA:1068,0
DA:1069,0
DA:1070,0
DA:1071,0
DA:1072,0
DA:1073,0
DA:1074,0
DA:1075,1
DA:1076,1
DA:1077,0
DA:1078,0
DA:1079,0
DA:1080,0
DA:1081,0
DA:1082,0
DA:1083,0
DA:1084,0
DA:1085,0
DA:1086,0
DA:1087,0
DA:1088,0
DA:1089,0
DA:1090,0
DA:1091,0
DA:1092,0
DA:1093,0
DA:1094,0
DA:1095,1
DA:1096,1
DA:1097,0
DA:1098,0
DA:1099,1
DA:1100,1
DA:1101,0
DA:1102,0
DA:1103,0
DA:1104,0
DA:1105,0
DA:1106,0
DA:1107,0
DA:1108,0
DA:1109,0
DA:1110,0
DA:1111,0
DA:1112,0
DA:1113,0
DA:1114,0
DA:1115,0
DA:1116,0
DA:1117,0
DA:1118,0
DA:1119,1
DA:1120,0
DA:1121,0
DA:1122,0
DA:1123,0
DA:1124,0
DA:1125,0
DA:1126,0
DA:1127,0
DA:1128,0
DA:1129,0
DA:1130,0
DA:1131,0
DA:1132,0
DA:1133,0
DA:1134,0
DA:1135,1
DA:1136,1
DA:1137,0
DA:1138,0
DA:1139,0
DA:1140,0
DA:1141,0
DA:1142,0
DA:1143,0
DA:1144,0
DA:1145,0
DA:1146,0
DA:1147,0
DA:1148,0
DA:1149,0
DA:1150,0
DA:1151,0
DA:1152,0
DA:1153,0
DA:1154,0
DA:1155,1
DA:1156,1
DA:1157,0
DA:1158,0
DA:1159,0
DA:1160,0
DA:1161,0
DA:1162,0
DA:1163,0
DA:1164,0
DA:1165,0
DA:1166,0
DA:1167,0
DA:1168,0
DA:1169,0
DA:1170,0
DA:1171,0
DA:1172,0
DA:1173,0
DA:1174,0
DA:1175,1
DA:1176,1
DA:1177,0
DA:1178,0
DA:1179,0
DA:1180,0
DA:1181,0
DA:1182,0
DA:1183,0
DA:1184,0
DA:1185,0
DA:1186,0
DA:1187,0
DA:1188,0
DA:1189,0
DA:1190,0
DA:1191,0
DA:1192,0
DA:1193,0
DA:1194,0
DA:1195,1
DA:1196,1
DA:1197,1
DA:1198,0
DA:1199,0
DA:1200,0
DA:1201,0
DA:1202,0
DA:1203,0
DA:1204,0
DA:1205,0
DA:1206,0
DA:1207,0
DA:1208,0
DA:1209,0
DA:1210,0
DA:1211,0
DA:1212,0
DA:1213,0
DA:1214,0
DA:1215,0
DA:1216,1
DA:1217,0
DA:1218,0
DA:1219,0
DA:1220,0
DA:1221,0
DA:1222,0
DA:1223,0
DA:1224,0
DA:1225,0
DA:1226,0
DA:1227,0
DA:1228,0
DA:1229,0
DA:1230,0
DA:1231,0
DA:1232,0
DA:1233,0
DA:1234,0
DA:1235,1
DA:1236,1
DA:1237,0
DA:1238,0
DA:1239,0
DA:1240,0
DA:1241,0
DA:1242,0
DA:1243,0
DA:1244,0
DA:1245,0
DA:1246,0
DA:1247,0
DA:1248,0
DA:1249,0
DA:1250,0
DA:1251,0
DA:1252,0
DA:1253,0
DA:1254,0
DA:1255,1
DA:1256,1
DA:1257,0
DA:1258,0
DA:1259,0
DA:1260,0
DA:1261,0
DA:1262,0
DA:1263,0
DA:1264,0
DA:1265,0
DA:1266,0
DA:1267,0
DA:1268,0
DA:1269,0
DA:1270,0
DA:1271,0
DA:1272,0
DA:1273,0
DA:1274,0
DA:1275,1
DA:1276,0
DA:1277,0
DA:1278,0
DA:1279,0
DA:1280,0
DA:1281,0
DA:1282,0
DA:1283,0
DA:1284,1
DA:1285,1
DA:1286,0
DA:1287,0
DA:1288,0
DA:1289,0
DA:1290,0
DA:1291,0
DA:1292,0
DA:1293,0
DA:1294,0
DA:1295,0
DA:1296,0
DA:1297,0
DA:1298,0
DA:1299,0
DA:1300,0
DA:1301,0
DA:1302,0
DA:1303,0
DA:1304,1
DA:1305,1
DA:1306,0
DA:1307,0
DA:1308,0
DA:1309,0
DA:1310,0
DA:1311,0
DA:1312,0
DA:1313,0
DA:1314,0
DA:1315,0
DA:1316,0
DA:1317,0
DA:1318,0
DA:1319,0
DA:1320,0
DA:1321,0
DA:1322,0
DA:1323,0
DA:1324,1
DA:1325,1
DA:1326,0
DA:1327,0
DA:1328,0
DA:1329,0
DA:1330,0
DA:1331,0
DA:1332,0
DA:1333,0
DA:1334,0
DA:1335,0
DA:1336,0
DA:1337,0
DA:1338,0
DA:1339,0
DA:1340,0
DA:1341,0
DA:1342,0
DA:1343,0
DA:1344,1
DA:1345,1
DA:1346,0
DA:1347,0
DA:1348,0
DA:1349,0
DA:1350,0
DA:1351,0
DA:1352,0
DA:1353,0
DA:1354,1
DA:1355,1
DA:1356,0
DA:1357,0
DA:1358,0
DA:1359,0
DA:1360,0
DA:1361,0
DA:1362,0
DA:1363,0
DA:1364,0
DA:1365,0
DA:1366,0
DA:1367,0
DA:1368,0
DA:1369,0
DA:1370,0
DA:1371,0
DA:1372,0
DA:1373,0
DA:1374,0
DA:1375,1
DA:1376,1
DA:1377,0
DA:1378,0
DA:1379,0
DA:1380,0
DA:1381,0
DA:1382,0
DA:1383,1
DA:1384,1
DA:1385,0
DA:1386,0
DA:1387,0
DA:1388,0
DA:1389,0
DA:1390,0
DA:1391,0
DA:1392,0
DA:1393,0
DA:1394,0
DA:1395,0
DA:1396,0
DA:1397,1
DA:1398,1
DA:1399,0
DA:1400,0
DA:1401,0
DA:1402,0
DA:1403,0
DA:1404,0
DA:1405,0
DA:1406,0
DA:1407,0
DA:1408,0
DA:1409,0
DA:1410,0
DA:1411,0
DA:1412,0
DA:1413,0
DA:1414,0
DA:1415,0
DA:1416,0
DA:1417,0
DA:1418,0
DA:1419,0
DA:1420,0
DA:1421,0
DA:1422,0
DA:1423,0
DA:1424,0
DA:1425,0
DA:1426,0
DA:1427,1
DA:1428,1
DA:1429,0
DA:1430,0
DA:1431,0
DA:1432,0
DA:1433,0
DA:1434,0
DA:1435,0
DA:1436,0
DA:1437,0
DA:1438,0
DA:1439,0
DA:1440,0
DA:1441,0
DA:1442,0
DA:1443,0
DA:1444,0
DA:1445,0
DA:1446,0
DA:1447,1
DA:1448,0
DA:1449,0
DA:1450,1
DA:1451,1
DA:1452,0
DA:1453,0
DA:1454,0
DA:1455,0
DA:1456,0
DA:1457,0
DA:1458,0
DA:1459,1
DA:1460,1
DA:1461,0
DA:1462,0
DA:1463,0
DA:1464,0
DA:1465,0
DA:1466,0
DA:1467,0
DA:1468,0
DA:1469,0
DA:1470,0
DA:1471,0
DA:1472,0
DA:1473,0
DA:1474,0
DA:1475,0
DA:1476,0
DA:1477,0
DA:1478,0
DA:1479,1
DA:1480,1
DA:1481,0
DA:1482,0
DA:1483,0
DA:1484,0
DA:1485,0
DA:1486,0
DA:1487,0
DA:1488,0
DA:1489,0
DA:1490,0
DA:1491,0
DA:1492,0
DA:1493,0
DA:1494,0
DA:1495,0
DA:1496,0
DA:1497,0
DA:1498,0
DA:1499,1
DA:1500,1
DA:1501,0
DA:1502,0
DA:1503,0
DA:1504,0
DA:1505,0
DA:1506,0
DA:1507,0
DA:1508,0
DA:1509,0
DA:1510,0
DA:1511,0
DA:1512,0
DA:1513,0
DA:1514,0
DA:1515,0
DA:1516,0
DA:1517,0
DA:1518,0
DA:1519,1
DA:1520,1
DA:1521,1
DA:1522,0
DA:1523,0
DA:1524,0
DA:1525,0
DA:1526,0
DA:1527,0
DA:1528,0
DA:1529,0
DA:1530,0
DA:1531,0
DA:1532,0
DA:1533,0
DA:1534,0
DA:1535,0
DA:1536,0
DA:1537,0
DA:1538,0
DA:1539,0
DA:1540,1
DA:1541,1
DA:1542,0
DA:1543,0
DA:1544,0
DA:1545,0
DA:1546,0
DA:1547,0
DA:1548,0
DA:1549,0
DA:1550,0
DA:1551,0
DA:1552,0
DA:1553,0
DA:1554,1
DA:1555,1
DA:1556,0
DA:1557,0
DA:1558,0
DA:1559,0
DA:1560,0
DA:1561,0
DA:1562,0
DA:1563,0
DA:1564,0
DA:1565,0
DA:1566,0
DA:1567,0
DA:1568,1
DA:1569,1
DA:1570,0
DA:1571,0
DA:1572,0
DA:1573,0
DA:1574,0
DA:1575,0
DA:1576,0
DA:1577,0
DA:1578,0
DA:1579,0
DA:1580,0
DA:1581,0
DA:1582,0
DA:1583,1
DA:1584,1
DA:1585,0
DA:1586,0
DA:1587,0
DA:1588,0
DA:1589,0
DA:1590,0
DA:1591,0
DA:1592,0
DA:1593,0
DA:1594,0
DA:1595,0
DA:1596,0
DA:1597,1
DA:1598,1
DA:1599,0
DA:1600,0
DA:1601,0
DA:1602,0
DA:1603,0
DA:1604,0
DA:1605,0
DA:1606,0
DA:1607,0
DA:1608,0
DA:1609,0
DA:1610,0
DA:1611,0
DA:1612,0
DA:1613,0
DA:1614,0
DA:1615,0
DA:1616,0
DA:1617,1
DA:1618,1
DA:1619,0
DA:1620,0
DA:1621,0
DA:1622,0
DA:1623,0
DA:1624,0
DA:1625,0
DA:1626,0
DA:1627,0
DA:1628,0
DA:1629,0
DA:1630,0
DA:1631,0
DA:1632,0
DA:1633,0
DA:1634,0
DA:1635,0
DA:1636,0
DA:1637,1
DA:1638,1
DA:1639,0
DA:1640,0
DA:1641,0
DA:1642,0
DA:1643,0
DA:1644,0
DA:1645,0
DA:1646,0
DA:1647,0
DA:1648,0
DA:1649,0
DA:1650,0
DA:1651,0
DA:1652,0
DA:1653,0
DA:1654,0
DA:1655,0
DA:1656,0
DA:1657,1
DA:1658,1
DA:1659,0
DA:1660,0
DA:1661,0
DA:1662,0
DA:1663,0
DA:1664,0
DA:1665,0
DA:1666,1
DA:1667,1
DA:1668,0
DA:1669,0
DA:1670,0
DA:1671,0
DA:1672,0
DA:1673,0
DA:1674,0
DA:1675,0
DA:1676,1
DA:1677,1
DA:1678,0
DA:1679,0
DA:1680,0
DA:1681,0
DA:1682,0
DA:1683,0
DA:1684,0
DA:1685,0
DA:1686,0
DA:1687,0
DA:1688,0
DA:1689,0
DA:1690,0
DA:1691,0
DA:1692,0
DA:1693,0
DA:1694,0
DA:1695,0
DA:1696,1
LF:1696
LH:317
BRDA:16,0,0,246
BRDA:23,1,0,0
BRDA:24,2,0,0
BRDA:25,3,0,0
BRF:4
BRH:1
end_of_record
TN:
SF:projects/dlp-home-loan/src/app/services/common-api.service.ts
FN:11,CommonApiService
FN:18,responseParsing
FN:24,doGetApiCall
FN:37,doDeleteApiCall
FN:50,doPostApiCall
FN:62,doPostApiCallForUploadFile
FN:76,returnPromise
FN:89,responseDecryptorIntreceptor
FNF:8
FNH:1
FNDA:246,CommonApiService
FNDA:0,responseParsing
FNDA:0,doGetApiCall
FNDA:0,doDeleteApiCall
FNDA:0,doPostApiCall
FNDA:0,doPostApiCallForUploadFile
FNDA:0,returnPromise
FNDA:0,responseDecryptorIntreceptor
DA:1,1
DA:2,1
DA:3,1
DA:4,1
DA:5,1
DA:6,1
DA:7,1
DA:8,1
DA:9,1
DA:10,1
DA:11,1
DA:12,246
DA:13,246
DA:14,246
DA:15,246
DA:16,246
DA:17,1
DA:18,1
DA:19,0
DA:20,0
DA:21,0
DA:22,0
DA:23,0
DA:24,1
DA:25,0
DA:26,0
DA:27,0
DA:28,0
DA:29,0
DA:30,0
DA:31,0
DA:32,0
DA:33,0
DA:34,0
DA:35,0
DA:36,1
DA:37,1
DA:38,0
DA:39,0
DA:40,0
DA:41,0
DA:42,0
DA:43,0
DA:44,0
DA:45,0
DA:46,0
DA:47,0
DA:48,0
DA:49,1
DA:50,1
DA:51,0
DA:52,0
DA:53,0
DA:54,0
DA:55,0
DA:56,0
DA:57,0
DA:58,0
DA:59,0
DA:60,1
DA:61,1
DA:62,1
DA:63,0
DA:64,0
DA:65,0
DA:66,0
DA:67,0
DA:68,0
DA:69,0
DA:70,0
DA:71,0
DA:72,0
DA:73,0
DA:74,1
DA:75,1
DA:76,1
DA:77,0
DA:78,0
DA:79,0
DA:80,0
DA:81,0
DA:82,0
DA:83,0
DA:84,0
DA:85,0
DA:86,0
DA:87,0
DA:88,1
DA:89,1
DA:90,0
DA:91,0
DA:92,0
DA:93,0
DA:94,0
DA:95,0
DA:96,0
DA:97,0
DA:98,0
DA:99,0
DA:100,0
DA:101,1
LF:101
LH:32
BRDA:11,0,0,246
BRF:1
BRH:1
end_of_record
TN:
SF:projects/dlp-home-loan/src/app/services/common-common.service.ts
FN:35,CommonCommonService
FN:54,isShowError
FN:65,bindHeaderFooterTypes
FN:101,toggleJourneyHeaderfalse
FN:106,toggleJourneyPage
FN:114,sectionMandatoryValidationSystem
FN:134,SectionMandatoryValidationSystem
FN:138,sectionValidationSystem
FN:183,SectionValidationSystem
FN:187,initializeJourney
FN:195,mapCommonPropertyBranchMaster
FN:297,mapCommonPinCode
FN:404,proceedJourney
FN:409,appiceTypeUser
FN:442,triggerAppiceEvent
FN:455,applyJsonLogic
FN:459,saveSectionFormDataToJourney
FN:479,modifyParametertypes
FN:483,fetchProductPageConfig
FN:487,fetchProductMetaConfig
FN:491,ParseConfigFormJourneyPreview
FN:495,ParseConfig
FN:499,apiCall
FN:505,apiCallJourneyPage
FN:519,bindDataValues
FN:526,bindValues
FN:534,getDocumentmodified
FN:561,onResolveDocument
FN:588,mapDocuments
FN:611,getDocumentList
FN:624,quickInitiateProduct
FN:631,dataparsertoOptions
FN:674,flushJourney
FN:679,journeyEventsExecutor
FN:683,fetchDataScopeData
FN:703,resumeApplication
FN:726,pageSectionContentModeration
FN:811,moderateTableData
FN:819,findPreviouspageCode
FN:828,limitStepperPrevUpdater
FN:850,limitSteppperUpdater
FN:898,formDataEditDataPopulator
FN:939,setJourney
FN:943,getJourney
FN:947,navigateError
FN:951,NavigateJourney
FN:956,checkMobileNUmber
FN:974,checkMandatoryFeilds
FN:998,validationRegexCheckMobileNO
FN:1017,validationRegexCheckNumber
FN:1028,validationCheck
FN:1054,checkTextField
FN:1074,mapCheckFillingErrors
FN:1094,checkFilling
FN:1107,checkTextLength
FN:1123,checkNumberLength
FN:1140,checkMinMax
FN:1158,checkForInvalid
FN:1167,checkRegex
FN:1183,checkfieldVerification
FN:1193,fetchDataCloud
FN:1197,mapDataFromCloudParameter
FN:1201,mapDataFromParameter
FN:1204,catchErrors
FN:1208,extractFormValuesFromSectionConfig
FN:1216,processField
FN:1229,processAddressField
FN:1236,processRegularField
FN:1269,processAddressSubField
FN:1287,processTableRow
FN:1298,fieldHasPrefix
FN:1302,addressFieldHasPrefix
FN:1306,formatDate
FN:1314,findOptionByKey
FNF:74
FNH:3
FNDA:246,CommonCommonService
FNDA:0,isShowError
FNDA:0,bindHeaderFooterTypes
FNDA:0,toggleJourneyHeaderfalse
FNDA:0,toggleJourneyPage
FNDA:0,sectionMandatoryValidationSystem
FNDA:0,SectionMandatoryValidationSystem
FNDA:0,sectionValidationSystem
FNDA:0,SectionValidationSystem
FNDA:0,initializeJourney
FNDA:0,mapCommonPropertyBranchMaster
FNDA:0,mapCommonPinCode
FNDA:0,proceedJourney
FNDA:0,appiceTypeUser
FNDA:0,triggerAppiceEvent
FNDA:0,applyJsonLogic
FNDA:0,saveSectionFormDataToJourney
FNDA:1,modifyParametertypes
FNDA:0,fetchProductPageConfig
FNDA:0,fetchProductMetaConfig
FNDA:0,ParseConfigFormJourneyPreview
FNDA:0,ParseConfig
FNDA:0,apiCall
FNDA:0,apiCallJourneyPage
FNDA:0,bindDataValues
FNDA:0,bindValues
FNDA:0,getDocumentmodified
FNDA:0,onResolveDocument
FNDA:0,mapDocuments
FNDA:0,getDocumentList
FNDA:0,quickInitiateProduct
FNDA:0,dataparsertoOptions
FNDA:0,flushJourney
FNDA:0,journeyEventsExecutor
FNDA:0,fetchDataScopeData
FNDA:0,resumeApplication
FNDA:0,pageSectionContentModeration
FNDA:0,moderateTableData
FNDA:0,findPreviouspageCode
FNDA:0,limitStepperPrevUpdater
FNDA:0,limitSteppperUpdater
FNDA:0,formDataEditDataPopulator
FNDA:0,setJourney
FNDA:247,getJourney
FNDA:0,navigateError
FNDA:0,NavigateJourney
FNDA:0,checkMobileNUmber
FNDA:0,checkMandatoryFeilds
FNDA:0,validationRegexCheckMobileNO
FNDA:0,validationRegexCheckNumber
FNDA:0,validationCheck
FNDA:0,checkTextField
FNDA:0,mapCheckFillingErrors
FNDA:0,checkFilling
FNDA:0,checkTextLength
FNDA:0,checkNumberLength
FNDA:0,checkMinMax
FNDA:0,checkForInvalid
FNDA:0,checkRegex
FNDA:0,checkfieldVerification
FNDA:0,fetchDataCloud
FNDA:0,mapDataFromCloudParameter
FNDA:0,mapDataFromParameter
FNDA:0,catchErrors
FNDA:0,extractFormValuesFromSectionConfig
FNDA:0,processField
FNDA:0,processAddressField
FNDA:0,processRegularField
FNDA:0,processAddressSubField
FNDA:0,processTableRow
FNDA:0,fieldHasPrefix
FNDA:0,addressFieldHasPrefix
FNDA:0,formatDate
FNDA:0,findOptionByKey
DA:1,1
DA:2,1
DA:3,1
DA:4,1
DA:5,1
DA:6,1
DA:7,1
DA:8,1
DA:9,1
DA:10,1
DA:11,1
DA:12,1
DA:13,1
DA:14,1
DA:15,1
DA:16,1
DA:17,1
DA:18,1
DA:19,1
DA:20,1
DA:21,1
DA:22,1
DA:23,1
DA:24,1
DA:25,1
DA:26,1
DA:27,1
DA:28,1
DA:29,1
DA:30,1
DA:31,1
DA:32,1
DA:33,1
DA:34,1
DA:35,1
DA:36,246
DA:37,246
DA:38,246
DA:39,246
DA:40,246
DA:41,246
DA:42,246
DA:43,246
DA:44,246
DA:45,246
DA:46,246
DA:47,246
DA:48,246
DA:49,246
DA:50,246
DA:51,246
DA:52,246
DA:53,1
DA:54,1
DA:55,0
DA:56,0
DA:57,0
DA:58,0
DA:59,0
DA:60,0
DA:61,0
DA:62,0
DA:63,0
DA:64,1
DA:65,1
DA:66,0
DA:67,0
DA:68,0
DA:69,0
DA:70,0
DA:71,0
DA:72,0
DA:73,0
DA:74,0
DA:75,0
DA:76,0
DA:77,0
DA:78,0
DA:79,0
DA:80,0
DA:81,0
DA:82,0
DA:83,0
DA:84,0
DA:85,0
DA:86,0
DA:87,0
DA:88,0
DA:89,0
DA:90,0
DA:91,0
DA:92,0
DA:93,0
DA:94,0
DA:95,0
DA:96,0
DA:97,0
DA:98,0
DA:99,0
DA:100,1
DA:101,1
DA:102,0
DA:103,0
DA:104,0
DA:105,1
DA:106,1
DA:107,0
DA:108,0
DA:109,0
DA:110,0
DA:111,0
DA:112,0
DA:113,1
DA:114,1
DA:115,0
DA:116,0
DA:117,0
DA:118,0
DA:119,0
DA:120,0
DA:121,0
DA:122,0
DA:123,0
DA:124,0
DA:125,0
DA:126,0
DA:127,0
DA:128,0
DA:129,0
DA:130,0
DA:131,0
DA:132,0
DA:133,1
DA:134,1
DA:135,0
DA:136,0
DA:137,1
DA:138,1
DA:139,0
DA:140,0
DA:141,0
DA:142,0
DA:143,0
DA:144,0
DA:145,0
DA:146,0
DA:147,0
DA:148,0
DA:149,0
DA:150,0
DA:151,0
DA:152,0
DA:153,0
DA:154,0
DA:155,0
DA:156,0
DA:157,0
DA:158,0
DA:159,0
DA:160,0
DA:161,0
DA:162,0
DA:163,0
DA:164,0
DA:165,0
DA:166,0
DA:167,0
DA:168,0
DA:169,0
DA:170,0
DA:171,0
DA:172,0
DA:173,0
DA:174,0
DA:175,0
DA:176,0
DA:177,0
DA:178,0
DA:179,0
DA:180,0
DA:181,0
DA:182,1
DA:183,1
DA:184,0
DA:185,0
DA:186,1
DA:187,1
DA:188,0
DA:189,0
DA:190,0
DA:191,0
DA:192,0
DA:193,0
DA:194,1
DA:195,1
DA:196,0
DA:197,0
DA:198,0
DA:199,0
DA:200,0
DA:201,0
DA:202,0
DA:203,0
DA:204,0
DA:205,0
DA:206,0
DA:207,0
DA:208,0
DA:209,0
DA:210,0
DA:211,0
DA:212,0
DA:213,0
DA:214,0
DA:215,0
DA:216,0
DA:217,0
DA:218,0
DA:219,0
DA:220,0
DA:221,0
DA:222,0
DA:223,0
DA:224,0
DA:225,0
DA:226,0
DA:227,0
DA:228,0
DA:229,0
DA:230,0
DA:231,0
DA:232,0
DA:233,0
DA:234,0
DA:235,0
DA:236,0
DA:237,0
DA:238,0
DA:239,0
DA:240,0
DA:241,0
DA:242,0
DA:243,0
DA:244,0
DA:245,0
DA:246,0
DA:247,0
DA:248,0
DA:249,0
DA:250,0
DA:251,0
DA:252,0
DA:253,0
DA:254,0
DA:255,0
DA:256,0
DA:257,0
DA:258,0
DA:259,0
DA:260,0
DA:261,0
DA:262,0
DA:263,0
DA:264,0
DA:265,0
DA:266,0
DA:267,0
DA:268,0
DA:269,0
DA:270,0
DA:271,0
DA:272,0
DA:273,0
DA:274,0
DA:275,0
DA:276,0
DA:277,0
DA:278,0
DA:279,0
DA:280,0
DA:281,0
DA:282,0
DA:283,0
DA:284,0
DA:285,0
DA:286,0
DA:287,0
DA:288,0
DA:289,0
DA:290,0
DA:291,0
DA:292,0
DA:293,0
DA:294,0
DA:295,0
DA:296,1
DA:297,1
DA:298,0
DA:299,0
DA:300,0
DA:301,0
DA:302,0
DA:303,0
DA:304,0
DA:305,0
DA:306,0
DA:307,0
DA:308,0
DA:309,0
DA:310,0
DA:311,0
DA:312,0
DA:313,0
DA:314,0
DA:315,0
DA:316,0
DA:317,0
DA:318,0
DA:319,0
DA:320,0
DA:321,0
DA:322,0
DA:323,0
DA:324,0
DA:325,0
DA:326,0
DA:327,0
DA:328,0
DA:329,0
DA:330,0
DA:331,0
DA:332,0
DA:333,0
DA:334,0
DA:335,0
DA:336,0
DA:337,0
DA:338,0
DA:339,0
DA:340,0
DA:341,0
DA:342,0
DA:343,0
DA:344,0
DA:345,0
DA:346,0
DA:347,0
DA:348,0
DA:349,0
DA:350,0
DA:351,0
DA:352,0
DA:353,0
DA:354,0
DA:355,0
DA:356,0
DA:357,0
DA:358,0
DA:359,0
DA:360,0
DA:361,0
DA:362,0
DA:363,0
DA:364,0
DA:365,0
DA:366,0
DA:367,0
DA:368,0
DA:369,0
DA:370,0
DA:371,0
DA:372,0
DA:373,0
DA:374,0
DA:375,0
DA:376,0
DA:377,0
DA:378,0
DA:379,0
DA:380,0
DA:381,0
DA:382,0
DA:383,0
DA:384,0
DA:385,0
DA:386,0
DA:387,0
DA:388,0
DA:389,0
DA:390,0
DA:391,0
DA:392,0
DA:393,0
DA:394,0
DA:395,0
DA:396,0
DA:397,0
DA:398,0
DA:399,0
DA:400,0
DA:401,0
DA:402,0
DA:403,1
DA:404,1
DA:405,0
DA:406,0
DA:407,1
DA:408,1
DA:409,1
DA:410,0
DA:411,0
DA:412,0
DA:413,0
DA:414,0
DA:415,0
DA:416,0
DA:417,0
DA:418,0
DA:419,0
DA:420,0
DA:421,0
DA:422,0
DA:423,0
DA:424,0
DA:425,0
DA:426,0
DA:427,0
DA:428,0
DA:429,0
DA:430,0
DA:431,0
DA:432,0
DA:433,0
DA:434,0
DA:435,0
DA:436,0
DA:437,0
DA:438,0
DA:439,0
DA:440,0
DA:441,1
DA:442,1
DA:443,0
DA:444,0
DA:445,0
DA:446,0
DA:447,0
DA:448,0
DA:449,0
DA:450,0
DA:451,0
DA:452,0
DA:453,0
DA:454,1
DA:455,1
DA:456,0
DA:457,0
DA:458,1
DA:459,1
DA:460,0
DA:461,0
DA:462,0
DA:463,0
DA:464,0
DA:465,0
DA:466,0
DA:467,0
DA:468,0
DA:469,0
DA:470,0
DA:471,0
DA:472,0
DA:473,0
DA:474,0
DA:475,0
DA:476,0
DA:477,0
DA:478,1
DA:479,1
DA:480,1
DA:481,1
DA:482,1
DA:483,1
DA:484,0
DA:485,0
DA:486,1
DA:487,1
DA:488,0
DA:489,0
DA:490,1
DA:491,1
DA:492,0
DA:493,0
DA:494,1
DA:495,1
DA:496,0
DA:497,0
DA:498,1
DA:499,1
DA:500,0
DA:501,0
DA:502,0
DA:503,0
DA:504,1
DA:505,1
DA:506,0
DA:507,0
DA:508,0
DA:509,0
DA:510,0
DA:511,0
DA:512,0
DA:513,0
DA:514,0
DA:515,0
DA:516,0
DA:517,1
DA:518,1
DA:519,1
DA:520,0
DA:521,0
DA:522,0
DA:523,0
DA:524,1
DA:525,1
DA:526,1
DA:527,0
DA:528,0
DA:529,0
DA:530,0
DA:531,0
DA:532,0
DA:533,1
DA:534,1
DA:535,0
DA:536,0
DA:537,0
DA:538,0
DA:539,0
DA:540,0
DA:541,0
DA:542,0
DA:543,0
DA:544,0
DA:545,0
DA:546,0
DA:547,0
DA:548,0
DA:549,0
DA:550,0
DA:551,0
DA:552,0
DA:553,0
DA:554,0
DA:555,0
DA:556,0
DA:557,0
DA:558,0
DA:559,0
DA:560,1
DA:561,1
DA:562,0
DA:563,0
DA:564,0
DA:565,0
DA:566,0
DA:567,0
DA:568,0
DA:569,0
DA:570,0
DA:571,0
DA:572,0
DA:573,0
DA:574,0
DA:575,0
DA:576,0
DA:577,0
DA:578,0
DA:579,0
DA:580,0
DA:581,0
DA:582,0
DA:583,0
DA:584,0
DA:585,0
DA:586,0
DA:587,1
DA:588,1
DA:589,0
DA:590,0
DA:591,0
DA:592,0
DA:593,0
DA:594,0
DA:595,0
DA:596,0
DA:597,0
DA:598,0
DA:599,0
DA:600,0
DA:601,0
DA:602,0
DA:603,0
DA:604,0
DA:605,0
DA:606,0
DA:607,0
DA:608,0
DA:609,0
DA:610,1
DA:611,1
DA:612,0
DA:613,0
DA:614,0
DA:615,0
DA:616,0
DA:617,0
DA:618,0
DA:619,0
DA:620,0
DA:621,0
DA:622,0
DA:623,1
DA:624,1
DA:625,0
DA:626,0
DA:627,0
DA:628,0
DA:629,0
DA:630,1
DA:631,1
DA:632,0
DA:633,0
DA:634,0
DA:635,0
DA:636,0
DA:637,0
DA:638,0
DA:639,0
DA:640,0
DA:641,0
DA:642,0
DA:643,0
DA:644,0
DA:645,0
DA:646,0
DA:647,0
DA:648,0
DA:649,0
DA:650,0
DA:651,0
DA:652,0
DA:653,0
DA:654,0
DA:655,0
DA:656,0
DA:657,0
DA:658,0
DA:659,0
DA:660,0
DA:661,0
DA:662,0
DA:663,0
DA:664,0
DA:665,0
DA:666,0
DA:667,0
DA:668,0
DA:669,0
DA:670,0
DA:671,0
DA:672,0
DA:673,1
DA:674,1
DA:675,0
DA:676,0
DA:677,0
DA:678,1
DA:679,1
DA:680,0
DA:681,0
DA:682,1
DA:683,1
DA:684,0
DA:685,0
DA:686,0
DA:687,0
DA:688,0
DA:689,0
DA:690,0
DA:691,0
DA:692,0
DA:693,0
DA:694,0
DA:695,0
DA:696,0
DA:697,0
DA:698,0
DA:699,0
DA:700,0
DA:701,0
DA:702,1
DA:703,1
DA:704,0
DA:705,0
DA:706,0
DA:707,0
DA:708,0
DA:709,0
DA:710,0
DA:711,0
DA:712,0
DA:713,0
DA:714,0
DA:715,0
DA:716,0
DA:717,0
DA:718,0
DA:719,0
DA:720,0
DA:721,0
DA:722,0
DA:723,0
DA:724,1
DA:725,1
DA:726,1
DA:727,0
DA:728,0
DA:729,0
DA:730,0
DA:731,0
DA:732,0
DA:733,0
DA:734,0
DA:735,0
DA:736,0
DA:737,0
DA:738,0
DA:739,0
DA:740,0
DA:741,0
DA:742,0
DA:743,0
DA:744,0
DA:745,0
DA:746,0
DA:747,0
DA:748,0
DA:749,0
DA:750,0
DA:751,0
DA:752,0
DA:753,0
DA:754,0
DA:755,0
DA:756,0
DA:757,0
DA:758,0
DA:759,0
DA:760,0
DA:761,0
DA:762,0
DA:763,0
DA:764,0
DA:765,0
DA:766,0
DA:767,0
DA:768,0
DA:769,0
DA:770,0
DA:771,0
DA:772,0
DA:773,0
DA:774,0
DA:775,0
DA:776,0
DA:777,0
DA:778,0
DA:779,0
DA:780,0
DA:781,0
DA:782,0
DA:783,0
DA:784,0
DA:785,0
DA:786,0
DA:787,0
DA:788,0
DA:789,0
DA:790,0
DA:791,0
DA:792,0
DA:793,0
DA:794,0
DA:795,0
DA:796,0
DA:797,0
DA:798,0
DA:799,0
DA:800,0
DA:801,0
DA:802,0
DA:803,0
DA:804,0
DA:805,0
DA:806,0
DA:807,0
DA:808,0
DA:809,0
DA:810,1
DA:811,1
DA:812,0
DA:813,0
DA:814,0
DA:815,0
DA:816,0
DA:817,0
DA:818,1
DA:819,1
DA:820,0
DA:821,0
DA:822,0
DA:823,0
DA:824,0
DA:825,0
DA:826,0
DA:827,1
DA:828,1
DA:829,0
DA:830,0
DA:831,0
DA:832,0
DA:833,0
DA:834,0
DA:835,0
DA:836,0
DA:837,0
DA:838,0
DA:839,0
DA:840,0
DA:841,0
DA:842,0
DA:843,0
DA:844,0
DA:845,0
DA:846,0
DA:847,0
DA:848,0
DA:849,1
DA:850,1
DA:851,0
DA:852,0
DA:853,0
DA:854,0
DA:855,0
DA:856,0
DA:857,0
DA:858,0
DA:859,0
DA:860,0
DA:861,0
DA:862,0
DA:863,0
DA:864,0
DA:865,0
DA:866,0
DA:867,0
DA:868,0
DA:869,0
DA:870,0
DA:871,0
DA:872,0
DA:873,0
DA:874,0
DA:875,0
DA:876,0
DA:877,0
DA:878,0
DA:879,0
DA:880,0
DA:881,0
DA:882,0
DA:883,0
DA:884,0
DA:885,0
DA:886,0
DA:887,0
DA:888,0
DA:889,0
DA:890,0
DA:891,0
DA:892,0
DA:893,0
DA:894,0
DA:895,0
DA:896,0
DA:897,1
DA:898,1
DA:899,0
DA:900,0
DA:901,0
DA:902,0
DA:903,0
DA:904,0
DA:905,0
DA:906,0
DA:907,0
DA:908,0
DA:909,0
DA:910,0
DA:911,0
DA:912,0
DA:913,0
DA:914,0
DA:915,0
DA:916,0
DA:917,0
DA:918,0
DA:919,0
DA:920,0
DA:921,0
DA:922,0
DA:923,0
DA:924,0
DA:925,0
DA:926,0
DA:927,0
DA:928,0
DA:929,0
DA:930,0
DA:931,0
DA:932,0
DA:933,0
DA:934,0
DA:935,0
DA:936,0
DA:937,0
DA:938,1
DA:939,1
DA:940,0
DA:941,0
DA:942,1
DA:943,1
DA:944,247
DA:945,247
DA:946,1
DA:947,1
DA:948,0
DA:949,0
DA:950,1
DA:951,1
DA:952,0
DA:953,0
DA:954,1
DA:955,1
DA:956,1
DA:957,0
DA:958,0
DA:959,0
DA:960,0
DA:961,0
DA:962,0
DA:963,0
DA:964,0
DA:965,0
DA:966,0
DA:967,0
DA:968,0
DA:969,0
DA:970,0
DA:971,0
DA:972,0
DA:973,1
DA:974,1
DA:975,0
DA:976,0
DA:977,0
DA:978,0
DA:979,0
DA:980,0
DA:981,0
DA:982,0
DA:983,0
DA:984,0
DA:985,0
DA:986,0
DA:987,0
DA:988,0
DA:989,0
DA:990,0
DA:991,0
DA:992,0
DA:993,0
DA:994,0
DA:995,0
DA:996,0
DA:997,1
DA:998,1
DA:999,0
DA:1000,0
DA:1001,0
DA:1002,0
DA:1003,0
DA:1004,0
DA:1005,0
DA:1006,0
DA:1007,0
DA:1008,0
DA:1009,0
DA:1010,0
DA:1011,0
DA:1012,0
DA:1013,0
DA:1014,0
DA:1015,0
DA:1016,1
DA:1017,1
DA:1018,0
DA:1019,0
DA:1020,0
DA:1021,0
DA:1022,0
DA:1023,0
DA:1024,0
DA:1025,0
DA:1026,0
DA:1027,1
DA:1028,1
DA:1029,0
DA:1030,0
DA:1031,0
DA:1032,0
DA:1033,0
DA:1034,0
DA:1035,0
DA:1036,0
DA:1037,0
DA:1038,0
DA:1039,0
DA:1040,0
DA:1041,0
DA:1042,0
DA:1043,0
DA:1044,0
DA:1045,0
DA:1046,0
DA:1047,0
DA:1048,0
DA:1049,0
DA:1050,0
DA:1051,0
DA:1052,0
DA:1053,1
DA:1054,1
DA:1055,0
DA:1056,0
DA:1057,0
DA:1058,0
DA:1059,0
DA:1060,0
DA:1061,0
DA:1062,0
DA:1063,0
DA:1064,0
DA:1065,0
DA:1066,0
DA:1067,0
DA:1068,0
DA:1069,0
DA:1070,0
DA:1071,0
DA:1072,0
DA:1073,1
DA:1074,1
DA:1075,0
DA:1076,0
DA:1077,0
DA:1078,0
DA:1079,0
DA:1080,0
DA:1081,0
DA:1082,0
DA:1083,0
DA:1084,0
DA:1085,0
DA:1086,0
DA:1087,0
DA:1088,0
DA:1089,0
DA:1090,0
DA:1091,0
DA:1092,0
DA:1093,1
DA:1094,1
DA:1095,0
DA:1096,0
DA:1097,0
DA:1098,0
DA:1099,0
DA:1100,0
DA:1101,0
DA:1102,0
DA:1103,0
DA:1104,0
DA:1105,1
DA:1106,1
DA:1107,1
DA:1108,0
DA:1109,0
DA:1110,0
DA:1111,0
DA:1112,0
DA:1113,0
DA:1114,0
DA:1115,0
DA:1116,0
DA:1117,0
DA:1118,0
DA:1119,0
DA:1120,0
DA:1121,0
DA:1122,1
DA:1123,1
DA:1124,0
DA:1125,0
DA:1126,0
DA:1127,0
DA:1128,0
DA:1129,0
DA:1130,0
DA:1131,0
DA:1132,0
DA:1133,0
DA:1134,0
DA:1135,0
DA:1136,0
DA:1137,0
DA:1138,0
DA:1139,1
DA:1140,1
DA:1141,0
DA:1142,0
DA:1143,0
DA:1144,0
DA:1145,0
DA:1146,0
DA:1147,0
DA:1148,0
DA:1149,0
DA:1150,0
DA:1151,0
DA:1152,0
DA:1153,0
DA:1154,0
DA:1155,0
DA:1156,1
DA:1157,1
DA:1158,1
DA:1159,0
DA:1160,0
DA:1161,0
DA:1162,0
DA:1163,0
DA:1164,0
DA:1165,0
DA:1166,1
DA:1167,1
DA:1168,0
DA:1169,0
DA:1170,0
DA:1171,0
DA:1172,0
DA:1173,0
DA:1174,0
DA:1175,0
DA:1176,0
DA:1177,0
DA:1178,0
DA:1179,0
DA:1180,0
DA:1181,0
DA:1182,1
DA:1183,1
DA:1184,0
DA:1185,0
DA:1186,0
DA:1187,0
DA:1188,0
DA:1189,0
DA:1190,0
DA:1191,0
DA:1192,1
DA:1193,1
DA:1194,0
DA:1195,0
DA:1196,1
DA:1197,1
DA:1198,0
DA:1199,0
DA:1200,1
DA:1201,1
DA:1202,0
DA:1203,0
DA:1204,1
DA:1205,0
DA:1206,0
DA:1207,1
DA:1208,1
DA:1209,0
DA:1210,0
DA:1211,0
DA:1212,0
DA:1213,0
DA:1214,0
DA:1215,1
DA:1216,1
DA:1217,0
DA:1218,0
DA:1219,0
DA:1220,0
DA:1221,0
DA:1222,0
DA:1223,0
DA:1224,0
DA:1225,0
DA:1226,0
DA:1227,0
DA:1228,1
DA:1229,1
DA:1230,0
DA:1231,0
DA:1232,0
DA:1233,0
DA:1234,0
DA:1235,1
DA:1236,1
DA:1237,0
DA:1238,0
DA:1239,0
DA:1240,0
DA:1241,0
DA:1242,0
DA:1243,0
DA:1244,0
DA:1245,0
DA:1246,0
DA:1247,0
DA:1248,0
DA:1249,0
DA:1250,0
DA:1251,0
DA:1252,0
DA:1253,0
DA:1254,0
DA:1255,0
DA:1256,0
DA:1257,0
DA:1258,0
DA:1259,0
DA:1260,0
DA:1261,0
DA:1262,0
DA:1263,0
DA:1264,0
DA:1265,0
DA:1266,0
DA:1267,0
DA:1268,1
DA:1269,1
DA:1270,0
DA:1271,0
DA:1272,0
DA:1273,0
DA:1274,0
DA:1275,0
DA:1276,0
DA:1277,0
DA:1278,0
DA:1279,0
DA:1280,0
DA:1281,0
DA:1282,0
DA:1283,0
DA:1284,0
DA:1285,0
DA:1286,1
DA:1287,1
DA:1288,0
DA:1289,0
DA:1290,0
DA:1291,0
DA:1292,0
DA:1293,0
DA:1294,0
DA:1295,0
DA:1296,0
DA:1297,1
DA:1298,1
DA:1299,0
DA:1300,0
DA:1301,1
DA:1302,1
DA:1303,0
DA:1304,0
DA:1305,1
DA:1306,1
DA:1307,0
DA:1308,0
DA:1309,0
DA:1310,0
DA:1311,0
DA:1312,0
DA:1313,1
DA:1314,1
DA:1315,0
DA:1316,0
DA:1317,0
DA:1318,0
DA:1319,1
LF:1319
LH:209
BRDA:35,0,0,246
BRDA:479,1,0,1
BRDA:943,2,0,247
BRF:3
BRH:3
end_of_record
TN:
SF:projects/dlp-home-loan/src/app/services/common-variable-service.ts
FN:11,CommonVariableService
FNF:1
FNH:1
FNDA:246,CommonVariableService
DA:1,1
DA:2,1
DA:3,1
DA:4,1
DA:5,1
DA:6,1
DA:7,1
DA:8,1
DA:9,1
DA:10,1
DA:11,1
DA:12,246
DA:13,246
DA:14,246
DA:15,246
DA:16,246
DA:17,246
DA:18,246
DA:19,246
DA:20,246
DA:21,246
DA:22,246
DA:23,246
DA:24,246
DA:25,246
DA:26,246
DA:27,246
DA:28,246
DA:29,246
DA:30,246
DA:31,246
DA:32,246
DA:33,246
DA:34,246
DA:35,246
DA:36,246
DA:37,246
DA:38,246
DA:39,246
DA:40,246
DA:41,246
DA:42,246
DA:43,246
DA:44,246
DA:45,246
DA:46,246
DA:47,246
DA:48,246
DA:49,246
DA:50,246
DA:51,246
DA:52,246
DA:53,246
DA:54,246
DA:55,246
DA:56,246
DA:57,246
DA:58,246
DA:59,246
DA:60,246
DA:61,246
DA:62,246
DA:63,246
DA:64,246
DA:65,246
DA:66,246
DA:67,246
DA:68,246
DA:69,246
DA:70,246
DA:71,246
DA:72,246
DA:73,246
DA:74,246
DA:75,246
DA:76,246
DA:77,246
DA:78,246
DA:79,246
DA:80,246
DA:81,246
DA:82,246
DA:83,246
DA:84,246
DA:85,246
DA:86,246
DA:87,246
DA:88,246
DA:89,246
DA:90,246
DA:91,246
DA:92,246
DA:93,246
DA:94,246
DA:95,246
DA:96,246
DA:97,246
DA:98,246
DA:99,246
DA:100,246
DA:101,246
DA:102,246
DA:103,246
DA:104,246
DA:105,246
DA:106,246
DA:107,246
DA:108,246
DA:109,246
DA:110,246
DA:111,246
DA:112,246
DA:113,246
DA:114,246
DA:115,246
DA:116,246
DA:117,246
DA:118,246
DA:119,246
DA:120,246
DA:121,246
DA:122,246
DA:123,246
DA:124,246
DA:125,246
DA:126,246
DA:127,246
DA:128,246
DA:129,246
DA:130,246
DA:131,246
DA:132,246
DA:133,246
DA:134,246
DA:135,246
DA:136,246
DA:137,246
DA:138,246
DA:139,246
DA:140,246
DA:141,246
DA:142,246
DA:143,246
DA:144,246
DA:145,246
DA:146,246
DA:147,246
DA:148,246
DA:149,246
DA:150,246
DA:151,246
DA:152,246
DA:153,246
DA:154,246
DA:155,246
DA:156,246
DA:157,246
DA:158,246
DA:159,246
DA:160,246
DA:161,246
DA:162,246
DA:163,246
DA:164,246
DA:165,246
DA:166,246
DA:167,246
DA:168,246
DA:169,246
DA:170,246
DA:171,246
DA:172,246
DA:173,246
DA:174,246
DA:175,246
DA:176,246
DA:177,246
DA:178,246
DA:179,246
DA:180,246
DA:181,246
DA:182,246
DA:183,246
DA:184,246
DA:185,246
DA:186,246
DA:187,246
DA:188,246
DA:189,246
DA:190,246
DA:191,246
DA:192,246
DA:193,246
DA:194,246
DA:195,246
DA:196,246
DA:197,246
DA:198,246
DA:199,246
DA:200,246
DA:201,246
DA:202,246
DA:203,246
DA:204,246
DA:205,246
DA:206,246
DA:207,246
DA:208,246
DA:209,246
DA:210,246
DA:211,246
DA:212,246
DA:213,246
DA:214,246
DA:215,246
DA:216,246
DA:217,246
DA:218,246
DA:219,246
DA:220,246
DA:221,246
DA:222,246
DA:223,246
DA:224,246
DA:225,246
DA:226,246
DA:227,246
DA:228,246
DA:229,246
DA:230,246
DA:231,246
DA:232,246
DA:233,246
DA:234,246
DA:235,246
DA:236,246
DA:237,246
DA:238,246
DA:239,246
DA:240,246
DA:241,246
DA:242,246
DA:243,246
DA:244,246
DA:245,246
DA:246,246
DA:247,246
DA:248,246
DA:249,246
DA:250,246
DA:251,246
DA:252,246
DA:253,246
DA:254,246
DA:255,246
DA:256,246
DA:257,246
DA:258,246
DA:259,246
DA:260,246
DA:261,246
DA:262,246
DA:263,246
DA:264,246
DA:265,246
DA:266,246
DA:267,246
DA:268,246
DA:269,246
DA:270,246
DA:271,246
DA:272,246
DA:273,246
DA:274,246
DA:275,246
DA:276,246
DA:277,246
DA:278,246
DA:279,246
DA:280,246
DA:281,246
DA:282,246
DA:283,246
DA:284,246
DA:285,246
DA:286,246
DA:287,246
DA:288,246
DA:289,246
DA:290,246
DA:291,246
DA:292,246
DA:293,246
DA:294,246
DA:295,246
DA:296,246
DA:297,246
DA:298,246
DA:299,246
DA:300,246
DA:301,246
DA:302,246
DA:303,246
DA:304,246
DA:305,246
DA:306,246
DA:307,246
DA:308,246
DA:309,246
DA:310,246
DA:311,246
DA:312,246
DA:313,246
DA:314,246
DA:315,246
DA:316,246
DA:317,246
DA:318,246
DA:319,246
DA:320,246
DA:321,246
DA:322,246
DA:323,246
DA:324,246
DA:325,246
DA:326,246
DA:327,246
DA:328,246
DA:329,246
DA:330,246
DA:331,246
DA:332,246
DA:333,246
DA:334,246
DA:335,246
DA:336,246
DA:337,246
DA:338,246
DA:339,246
DA:340,246
DA:341,246
DA:342,246
DA:343,246
DA:344,246
DA:345,246
DA:346,246
DA:347,246
DA:348,246
DA:349,246
DA:350,246
DA:351,246
DA:352,246
DA:353,246
DA:354,246
DA:355,246
DA:356,246
DA:357,246
DA:358,246
DA:359,246
DA:360,246
DA:361,246
DA:362,246
DA:363,246
DA:364,246
DA:365,246
DA:366,246
DA:367,246
DA:368,246
DA:369,246
DA:370,246
DA:371,246
DA:372,246
DA:373,246
DA:374,246
DA:375,246
DA:376,246
DA:377,246
DA:378,246
DA:379,246
DA:380,246
DA:381,246
DA:382,246
DA:383,246
DA:384,246
DA:385,246
DA:386,246
DA:387,246
DA:388,246
DA:389,246
DA:390,246
DA:391,246
DA:392,246
DA:393,246
DA:394,246
DA:395,246
DA:396,246
DA:397,246
DA:398,246
DA:399,246
DA:400,246
DA:401,246
DA:402,246
DA:403,246
DA:404,246
DA:405,246
DA:406,246
DA:407,246
DA:408,246
DA:409,246
DA:410,246
DA:411,246
DA:412,246
DA:413,246
DA:414,246
DA:415,246
DA:416,246
DA:417,246
DA:418,246
DA:419,246
DA:420,246
DA:421,246
DA:422,246
DA:423,246
DA:424,246
DA:425,246
DA:426,246
DA:427,246
DA:428,246
DA:429,246
DA:430,246
DA:431,246
DA:432,246
DA:433,246
DA:434,246
DA:435,246
DA:436,246
DA:437,246
DA:438,246
DA:439,246
DA:440,246
DA:441,246
DA:442,246
DA:443,246
DA:444,246
DA:445,246
DA:446,246
DA:447,246
DA:448,246
DA:449,246
DA:450,246
DA:451,246
DA:452,246
DA:453,246
DA:454,246
DA:455,246
DA:456,246
DA:457,246
DA:458,246
DA:459,246
DA:460,246
DA:461,246
DA:462,246
DA:463,246
DA:464,246
DA:465,246
DA:466,246
DA:467,246
DA:468,246
DA:469,246
DA:470,246
DA:471,246
DA:472,246
DA:473,246
DA:474,246
DA:475,246
DA:476,246
DA:477,246
DA:478,246
DA:479,246
DA:480,246
DA:481,246
DA:482,246
DA:483,246
DA:484,246
DA:485,246
DA:486,246
DA:487,246
DA:488,246
DA:489,246
DA:490,246
DA:491,246
DA:492,246
DA:493,246
DA:494,246
DA:495,246
DA:496,246
DA:497,246
DA:498,246
DA:499,246
DA:500,246
DA:501,246
DA:502,246
DA:503,246
DA:504,246
DA:505,246
DA:506,246
DA:507,246
DA:508,246
DA:509,246
DA:510,246
DA:511,246
DA:512,246
DA:513,246
DA:514,246
DA:515,246
DA:516,246
DA:517,246
DA:518,246
DA:519,246
DA:520,246
DA:521,246
DA:522,246
DA:523,246
DA:524,246
DA:525,246
DA:526,246
DA:527,246
DA:528,246
DA:529,246
DA:530,246
DA:531,246
DA:532,246
DA:533,246
DA:534,246
DA:535,246
DA:536,246
DA:537,246
DA:538,246
DA:539,246
DA:540,246
DA:541,246
DA:542,246
DA:543,246
DA:544,246
DA:545,246
DA:546,246
DA:547,246
DA:548,246
DA:549,246
DA:550,246
DA:551,246
DA:552,246
DA:553,246
DA:554,246
DA:555,246
DA:556,246
DA:557,246
DA:558,246
DA:559,246
DA:560,246
DA:561,246
DA:562,246
DA:563,246
DA:564,246
DA:565,246
DA:566,246
DA:567,246
DA:568,246
DA:569,246
DA:570,246
DA:571,246
DA:572,246
DA:573,246
DA:574,246
DA:575,246
DA:576,246
DA:577,246
DA:578,246
DA:579,246
DA:580,246
DA:581,246
DA:582,246
DA:583,246
DA:584,246
DA:585,246
DA:586,246
DA:587,246
DA:588,246
DA:589,246
DA:590,246
DA:591,246
DA:592,246
DA:593,246
DA:594,246
DA:595,246
DA:596,246
DA:597,246
DA:598,246
DA:599,246
DA:600,246
DA:601,246
DA:602,246
DA:603,246
DA:604,246
DA:605,246
DA:606,246
DA:607,246
DA:608,246
DA:609,246
DA:610,246
DA:611,246
DA:612,246
DA:613,246
DA:614,246
DA:615,246
DA:616,246
DA:617,246
DA:618,246
DA:619,246
DA:620,246
DA:621,246
DA:622,246
DA:623,246
DA:624,246
DA:625,246
DA:626,246
DA:627,246
DA:628,246
DA:629,246
DA:630,246
DA:631,246
DA:632,246
DA:633,246
DA:634,246
DA:635,246
DA:636,246
DA:637,246
DA:638,246
DA:639,246
DA:640,246
DA:641,246
DA:642,246
DA:643,246
DA:644,246
DA:645,246
DA:646,246
DA:647,246
DA:648,246
DA:649,246
DA:650,246
DA:651,246
DA:652,246
DA:653,246
DA:654,246
DA:655,246
DA:656,246
DA:657,246
DA:658,246
DA:659,246
DA:660,246
DA:661,246
DA:662,246
DA:663,246
DA:664,246
DA:665,246
DA:666,246
DA:667,246
DA:668,246
DA:669,246
DA:670,246
DA:671,246
DA:672,246
DA:673,246
DA:674,246
DA:675,246
DA:676,246
DA:677,246
DA:678,246
DA:679,246
DA:680,246
DA:681,246
DA:682,246
DA:683,246
DA:684,246
DA:685,246
DA:686,246
DA:687,246
DA:688,246
DA:689,246
DA:690,246
DA:691,246
DA:692,246
DA:693,246
DA:694,246
DA:695,246
DA:696,246
DA:697,246
DA:698,246
DA:699,246
DA:700,246
DA:701,246
DA:702,246
DA:703,246
DA:704,246
DA:705,246
DA:706,246
DA:707,246
DA:708,246
DA:709,246
DA:710,246
DA:711,246
DA:712,246
DA:713,246
DA:714,246
DA:715,246
DA:716,246
DA:717,246
DA:718,246
DA:719,246
DA:720,246
DA:721,246
DA:722,246
DA:723,246
DA:724,246
DA:725,246
DA:726,246
DA:727,246
DA:728,246
DA:729,246
DA:730,246
DA:731,246
DA:732,246
DA:733,246
DA:734,246
DA:735,246
DA:736,246
DA:737,246
DA:738,246
DA:739,246
DA:740,246
DA:741,246
DA:742,246
DA:743,246
DA:744,246
DA:745,246
DA:746,246
DA:747,246
DA:748,246
DA:749,246
DA:750,246
DA:751,246
DA:752,246
DA:753,246
DA:754,246
DA:755,246
DA:756,246
DA:757,246
DA:758,246
DA:759,246
DA:760,246
DA:761,246
DA:762,246
DA:763,246
DA:764,246
DA:765,246
DA:766,246
DA:767,246
DA:768,246
DA:769,246
DA:770,246
DA:771,246
DA:772,246
DA:773,246
DA:774,246
DA:775,246
DA:776,246
DA:777,246
DA:778,246
DA:779,246
DA:780,246
DA:781,246
DA:782,246
DA:783,246
DA:784,246
DA:785,246
DA:786,246
DA:787,246
DA:788,246
DA:789,246
DA:790,246
DA:791,246
DA:792,246
DA:793,246
DA:794,246
DA:795,246
DA:796,246
DA:797,246
DA:798,246
DA:799,246
DA:800,246
DA:801,246
DA:802,246
DA:803,246
DA:804,246
DA:805,246
DA:806,246
DA:807,246
DA:808,246
DA:809,246
DA:810,246
DA:811,246
DA:812,246
DA:813,246
DA:814,246
DA:815,246
DA:816,246
DA:817,246
DA:818,246
DA:819,246
DA:820,246
DA:821,246
DA:822,246
DA:823,246
DA:824,246
DA:825,246
DA:826,246
DA:827,246
DA:828,246
DA:829,246
DA:830,246
DA:831,246
DA:832,246
DA:833,246
DA:834,246
DA:835,246
DA:836,246
DA:837,246
DA:838,246
DA:839,246
DA:840,246
DA:841,246
DA:842,246
DA:843,246
DA:844,246
DA:845,246
DA:846,246
DA:847,246
DA:848,246
DA:849,246
DA:850,246
DA:851,246
DA:852,246
DA:853,246
DA:854,246
DA:855,246
DA:856,246
DA:857,246
DA:858,246
DA:859,246
DA:860,246
DA:861,246
DA:862,246
DA:863,246
DA:864,246
DA:865,246
DA:866,246
DA:867,246
DA:868,246
DA:869,246
DA:870,246
DA:871,246
DA:872,246
DA:873,246
DA:874,246
DA:875,246
DA:876,246
DA:877,246
DA:878,246
DA:879,246
DA:880,246
DA:881,246
DA:882,246
DA:883,246
DA:884,246
DA:885,246
DA:886,246
DA:887,246
DA:888,246
DA:889,246
DA:890,246
DA:891,246
DA:892,246
DA:893,246
DA:894,246
DA:895,246
DA:896,246
DA:897,246
DA:898,246
DA:899,246
DA:900,246
DA:901,246
DA:902,246
DA:903,246
DA:904,246
DA:905,246
DA:906,246
DA:907,246
DA:908,246
DA:909,246
DA:910,246
DA:911,246
DA:912,246
DA:913,246
DA:914,246
DA:915,246
DA:916,246
DA:917,246
DA:918,246
DA:919,246
DA:920,246
DA:921,246
DA:922,246
DA:923,246
DA:924,246
DA:925,246
DA:926,246
DA:927,246
DA:928,246
DA:929,246
DA:930,246
DA:931,246
DA:932,246
DA:933,246
DA:934,246
DA:935,246
DA:936,246
DA:937,246
DA:938,246
DA:939,246
DA:940,246
DA:941,246
DA:942,246
DA:943,246
DA:944,246
DA:945,246
DA:946,246
DA:947,246
DA:948,246
DA:949,246
DA:950,246
DA:951,246
DA:952,246
DA:953,246
DA:954,246
DA:955,246
DA:956,246
DA:957,246
DA:958,246
DA:959,246
DA:960,246
DA:961,246
DA:962,246
DA:963,246
DA:964,246
DA:965,246
DA:966,246
DA:967,246
DA:968,246
DA:969,246
DA:970,246
DA:971,246
DA:972,246
DA:973,246
DA:974,246
DA:975,246
DA:976,246
DA:977,246
DA:978,246
DA:979,246
DA:980,246
DA:981,246
DA:982,246
DA:983,246
DA:984,246
DA:985,246
DA:986,246
DA:987,246
DA:988,246
DA:989,246
DA:990,246
DA:991,246
DA:992,246
DA:993,246
DA:994,246
DA:995,246
DA:996,246
DA:997,246
DA:998,246
DA:999,246
DA:1000,246
DA:1001,246
DA:1002,246
DA:1003,246
DA:1004,246
DA:1005,246
DA:1006,246
DA:1007,246
DA:1008,246
DA:1009,246
DA:1010,246
DA:1011,246
DA:1012,246
DA:1013,246
DA:1014,246
DA:1015,246
DA:1016,246
DA:1017,246
DA:1018,246
DA:1019,246
DA:1020,246
DA:1021,246
DA:1022,246
DA:1023,246
DA:1024,246
DA:1025,246
DA:1026,246
DA:1027,246
DA:1028,246
DA:1029,246
DA:1030,246
DA:1031,246
DA:1032,246
DA:1033,246
DA:1034,246
DA:1035,246
DA:1036,246
DA:1037,246
DA:1038,246
DA:1039,246
DA:1040,246
DA:1041,246
DA:1042,246
DA:1043,246
DA:1044,246
DA:1045,246
DA:1046,246
DA:1047,246
DA:1048,246
DA:1049,246
DA:1050,246
DA:1051,246
DA:1052,246
DA:1053,246
DA:1054,246
DA:1055,246
DA:1056,246
DA:1057,246
DA:1058,246
DA:1059,246
DA:1060,246
DA:1061,246
DA:1062,246
DA:1063,246
DA:1064,246
DA:1065,246
DA:1066,246
DA:1067,246
DA:1068,246
DA:1069,246
DA:1070,246
DA:1071,246
DA:1072,246
DA:1073,246
DA:1074,246
DA:1075,246
DA:1076,246
DA:1077,246
DA:1078,246
DA:1079,246
DA:1080,246
DA:1081,246
DA:1082,246
DA:1083,246
DA:1084,246
DA:1085,246
DA:1086,246
DA:1087,246
DA:1088,246
DA:1089,246
DA:1090,246
DA:1091,246
DA:1092,246
DA:1093,246
DA:1094,246
DA:1095,246
DA:1096,246
DA:1097,246
DA:1098,246
DA:1099,246
DA:1100,246
DA:1101,246
DA:1102,246
DA:1103,246
DA:1104,246
DA:1105,246
DA:1106,246
DA:1107,246
DA:1108,246
DA:1109,246
DA:1110,246
DA:1111,246
DA:1112,246
DA:1113,246
DA:1114,246
DA:1115,246
DA:1116,246
DA:1117,246
DA:1118,246
DA:1119,246
DA:1120,246
DA:1121,246
DA:1122,246
DA:1123,246
DA:1124,246
DA:1125,246
DA:1126,246
DA:1127,246
DA:1128,246
DA:1129,246
DA:1130,246
DA:1131,246
DA:1132,246
DA:1133,246
DA:1134,246
DA:1135,246
DA:1136,246
DA:1137,246
DA:1138,246
DA:1139,246
DA:1140,246
DA:1141,246
DA:1142,246
DA:1143,246
DA:1144,246
DA:1145,246
DA:1146,246
DA:1147,246
DA:1148,246
DA:1149,246
DA:1150,246
DA:1151,246
DA:1152,246
DA:1153,246
DA:1154,246
DA:1155,246
DA:1156,246
DA:1157,246
DA:1158,246
DA:1159,246
DA:1160,246
DA:1161,246
DA:1162,246
DA:1163,246
DA:1164,246
DA:1165,246
DA:1166,246
DA:1167,246
DA:1168,246
DA:1169,246
DA:1170,246
DA:1171,246
DA:1172,246
DA:1173,246
DA:1174,246
DA:1175,246
DA:1176,246
DA:1177,246
DA:1178,246
DA:1179,246
DA:1180,246
DA:1181,246
DA:1182,246
DA:1183,246
DA:1184,246
DA:1185,246
DA:1186,246
DA:1187,246
DA:1188,246
DA:1189,246
DA:1190,246
DA:1191,246
DA:1192,246
DA:1193,246
DA:1194,246
DA:1195,246
DA:1196,246
DA:1197,246
DA:1198,246
DA:1199,246
DA:1200,246
DA:1201,246
DA:1202,246
DA:1203,246
DA:1204,246
DA:1205,246
DA:1206,246
DA:1207,246
DA:1208,246
DA:1209,246
DA:1210,246
DA:1211,246
DA:1212,246
DA:1213,246
DA:1214,246
DA:1215,246
DA:1216,246
DA:1217,246
DA:1218,246
DA:1219,246
DA:1220,246
DA:1221,246
DA:1222,246
DA:1223,246
DA:1224,246
DA:1225,246
DA:1226,246
DA:1227,246
DA:1228,246
DA:1229,246
DA:1230,246
DA:1231,246
DA:1232,246
DA:1233,246
DA:1234,246
DA:1235,246
DA:1236,246
DA:1237,246
DA:1238,246
DA:1239,246
DA:1240,246
DA:1241,246
DA:1242,246
DA:1243,246
DA:1244,246
DA:1245,246
DA:1246,246
DA:1247,246
DA:1248,246
DA:1249,246
DA:1250,246
DA:1251,246
DA:1252,246
DA:1253,246
DA:1254,246
DA:1255,246
DA:1256,246
DA:1257,246
DA:1258,246
DA:1259,246
DA:1260,246
DA:1261,246
DA:1262,246
DA:1263,246
DA:1264,246
DA:1265,246
DA:1266,246
DA:1267,246
DA:1268,246
DA:1269,246
DA:1270,246
DA:1271,246
DA:1272,246
DA:1273,246
DA:1274,246
DA:1275,246
DA:1276,246
DA:1277,246
DA:1278,246
DA:1279,246
DA:1280,246
DA:1281,246
DA:1282,246
DA:1283,246
DA:1284,246
DA:1285,246
DA:1286,246
DA:1287,246
DA:1288,246
DA:1289,246
DA:1290,246
DA:1291,246
DA:1292,246
DA:1293,246
DA:1294,246
DA:1295,246
DA:1296,246
DA:1297,246
DA:1298,246
DA:1299,246
DA:1300,246
DA:1301,246
DA:1302,246
DA:1303,246
DA:1304,246
DA:1305,246
DA:1306,246
DA:1307,246
DA:1308,246
DA:1309,246
DA:1310,246
DA:1311,246
DA:1312,246
DA:1313,246
DA:1314,246
DA:1315,246
DA:1316,246
DA:1317,246
DA:1318,246
DA:1319,246
DA:1320,246
DA:1321,246
DA:1322,246
DA:1323,246
DA:1324,246
DA:1325,246
DA:1326,246
DA:1327,246
DA:1328,246
DA:1329,246
DA:1330,246
DA:1331,246
DA:1332,246
DA:1333,246
DA:1334,246
DA:1335,246
DA:1336,246
DA:1337,246
DA:1338,246
DA:1339,246
DA:1340,246
DA:1341,246
DA:1342,246
DA:1343,246
DA:1344,246
DA:1345,246
DA:1346,246
DA:1347,246
DA:1348,246
DA:1349,246
DA:1350,246
DA:1351,246
DA:1352,246
DA:1353,246
DA:1354,246
DA:1355,246
DA:1356,246
DA:1357,246
DA:1358,246
DA:1359,246
DA:1360,246
DA:1361,246
DA:1362,246
DA:1363,246
DA:1364,246
DA:1365,246
DA:1366,246
DA:1367,246
DA:1368,246
DA:1369,246
DA:1370,246
DA:1371,246
DA:1372,246
DA:1373,246
DA:1374,246
DA:1375,246
DA:1376,246
DA:1377,246
DA:1378,246
DA:1379,246
DA:1380,246
DA:1381,246
DA:1382,246
DA:1383,246
DA:1384,246
DA:1385,246
DA:1386,246
DA:1387,246
DA:1388,246
DA:1389,246
DA:1390,246
DA:1391,246
DA:1392,246
DA:1393,246
DA:1394,246
DA:1395,246
DA:1396,246
DA:1397,246
DA:1398,246
DA:1399,246
DA:1400,246
DA:1401,246
DA:1402,246
DA:1403,246
DA:1404,246
DA:1405,246
DA:1406,246
DA:1407,246
DA:1408,246
DA:1409,246
DA:1410,246
DA:1411,246
DA:1412,246
DA:1413,246
DA:1414,246
DA:1415,246
DA:1416,246
DA:1417,246
DA:1418,246
DA:1419,246
DA:1420,246
DA:1421,246
DA:1422,246
DA:1423,246
DA:1424,246
DA:1425,246
DA:1426,246
DA:1427,246
DA:1428,246
DA:1429,246
DA:1430,246
DA:1431,246
DA:1432,246
DA:1433,246
DA:1434,246
DA:1435,246
DA:1436,246
DA:1437,246
DA:1438,246
DA:1439,246
DA:1440,246
DA:1441,246
DA:1442,246
DA:1443,246
DA:1444,246
DA:1445,246
DA:1446,246
DA:1447,246
DA:1448,246
DA:1449,246
DA:1450,246
DA:1451,246
DA:1452,246
DA:1453,246
DA:1454,246
DA:1455,246
DA:1456,246
DA:1457,246
DA:1458,246
DA:1459,246
DA:1460,246
DA:1461,246
DA:1462,246
DA:1463,246
DA:1464,246
DA:1465,246
DA:1466,246
DA:1467,246
DA:1468,246
DA:1469,246
DA:1470,246
DA:1471,246
DA:1472,246
DA:1473,246
DA:1474,246
DA:1475,246
DA:1476,246
DA:1477,246
DA:1478,246
DA:1479,246
DA:1480,246
DA:1481,246
DA:1482,246
DA:1483,246
DA:1484,246
DA:1485,246
DA:1486,246
DA:1487,246
DA:1488,246
DA:1489,246
DA:1490,246
DA:1491,246
DA:1492,246
DA:1493,246
DA:1494,246
DA:1495,246
DA:1496,246
DA:1497,246
DA:1498,246
DA:1499,246
DA:1500,246
DA:1501,246
DA:1502,246
DA:1503,246
DA:1504,246
DA:1505,246
DA:1506,246
DA:1507,246
DA:1508,246
DA:1509,246
DA:1510,246
DA:1511,246
DA:1512,246
DA:1513,246
DA:1514,246
DA:1515,246
DA:1516,246
DA:1517,246
DA:1518,246
DA:1519,246
DA:1520,246
DA:1521,246
DA:1522,246
DA:1523,246
DA:1524,246
DA:1525,246
DA:1526,246
DA:1527,246
DA:1528,246
DA:1529,246
DA:1530,246
DA:1531,246
DA:1532,246
DA:1533,246
DA:1534,246
DA:1535,246
DA:1536,246
DA:1537,246
DA:1538,246
DA:1539,246
DA:1540,246
DA:1541,246
DA:1542,246
DA:1543,246
DA:1544,246
DA:1545,246
DA:1546,246
DA:1547,246
DA:1548,246
DA:1549,246
DA:1550,246
DA:1551,246
DA:1552,246
DA:1553,246
DA:1554,246
DA:1555,246
DA:1556,246
DA:1557,246
DA:1558,246
DA:1559,246
DA:1560,246
DA:1561,246
DA:1562,246
DA:1563,246
DA:1564,246
DA:1565,246
DA:1566,246
DA:1567,246
DA:1568,246
DA:1569,246
DA:1570,246
DA:1571,246
DA:1572,246
DA:1573,246
DA:1574,246
DA:1575,246
DA:1576,246
DA:1577,246
DA:1578,246
DA:1579,246
DA:1580,246
DA:1581,246
DA:1582,246
DA:1583,246
DA:1584,246
DA:1585,246
DA:1586,246
DA:1587,246
DA:1588,246
DA:1589,246
DA:1590,246
DA:1591,246
DA:1592,246
DA:1593,246
DA:1594,246
DA:1595,246
DA:1596,246
DA:1597,246
DA:1598,246
DA:1599,246
DA:1600,246
DA:1601,246
DA:1602,246
DA:1603,246
DA:1604,246
DA:1605,246
DA:1606,246
DA:1607,246
DA:1608,246
DA:1609,246
DA:1610,246
DA:1611,246
DA:1612,246
DA:1613,246
DA:1614,246
DA:1615,246
DA:1616,246
DA:1617,246
DA:1618,246
DA:1619,246
DA:1620,246
DA:1621,246
DA:1622,246
DA:1623,246
DA:1624,246
DA:1625,246
DA:1626,246
DA:1627,246
DA:1628,246
DA:1629,246
DA:1630,246
DA:1631,246
DA:1632,246
DA:1633,246
DA:1634,246
DA:1635,246
DA:1636,246
DA:1637,246
DA:1638,246
DA:1639,246
DA:1640,246
DA:1641,246
DA:1642,246
DA:1643,246
DA:1644,246
DA:1645,246
DA:1646,246
DA:1647,246
DA:1648,246
DA:1649,246
DA:1650,246
DA:1651,246
DA:1652,246
DA:1653,246
DA:1654,246
DA:1655,246
DA:1656,246
DA:1657,246
DA:1658,246
DA:1659,246
DA:1660,246
DA:1661,246
DA:1662,246
DA:1663,246
DA:1664,246
DA:1665,246
DA:1666,246
DA:1667,246
DA:1668,246
DA:1669,246
DA:1670,246
DA:1671,246
DA:1672,246
DA:1673,246
DA:1674,246
DA:1675,246
DA:1676,246
DA:1677,246
DA:1678,246
DA:1679,246
DA:1680,246
DA:1681,246
DA:1682,246
DA:1683,246
DA:1684,246
DA:1685,246
DA:1686,246
DA:1687,246
DA:1688,246
DA:1689,246
DA:1690,246
DA:1691,246
DA:1692,246
DA:1693,246
DA:1694,246
DA:1695,246
DA:1696,246
DA:1697,246
DA:1698,246
DA:1699,246
DA:1700,246
DA:1701,246
DA:1702,246
DA:1703,246
DA:1704,246
DA:1705,246
DA:1706,246
DA:1707,246
DA:1708,246
DA:1709,246
DA:1710,246
DA:1711,246
DA:1712,246
DA:1713,246
DA:1714,246
DA:1715,246
DA:1716,246
DA:1717,246
DA:1718,246
DA:1719,246
DA:1720,246
DA:1721,246
DA:1722,246
DA:1723,246
DA:1724,246
DA:1725,246
DA:1726,246
DA:1727,246
DA:1728,246
DA:1729,246
DA:1730,246
DA:1731,246
DA:1732,246
DA:1733,246
DA:1734,246
DA:1735,246
DA:1736,246
DA:1737,246
DA:1738,246
DA:1739,246
DA:1740,246
DA:1741,246
DA:1742,246
DA:1743,246
DA:1744,246
DA:1745,246
DA:1746,246
DA:1747,246
DA:1748,246
DA:1749,246
DA:1750,246
DA:1751,246
DA:1752,246
DA:1753,246
DA:1754,246
DA:1755,246
DA:1756,246
DA:1757,246
DA:1758,246
DA:1759,246
DA:1760,246
DA:1761,246
DA:1762,246
DA:1763,246
DA:1764,246
DA:1765,246
DA:1766,246
DA:1767,246
DA:1768,246
DA:1769,246
DA:1770,246
DA:1771,246
DA:1772,246
DA:1773,246
DA:1774,246
DA:1775,246
DA:1776,246
DA:1777,246
DA:1778,246
DA:1779,246
DA:1780,246
DA:1781,246
DA:1782,246
DA:1783,246
DA:1784,246
DA:1785,246
DA:1786,246
DA:1787,246
DA:1788,246
DA:1789,246
DA:1790,246
DA:1791,246
DA:1792,246
DA:1793,246
DA:1794,246
DA:1795,246
DA:1796,246
DA:1797,246
DA:1798,246
DA:1799,246
DA:1800,246
DA:1801,246
DA:1802,246
DA:1803,246
DA:1804,246
DA:1805,246
DA:1806,246
DA:1807,246
DA:1808,246
DA:1809,246
DA:1810,246
DA:1811,246
DA:1812,246
DA:1813,246
DA:1814,246
DA:1815,246
DA:1816,246
DA:1817,246
DA:1818,246
DA:1819,246
DA:1820,246
DA:1821,246
DA:1822,246
DA:1823,246
DA:1824,246
DA:1825,246
DA:1826,246
DA:1827,246
DA:1828,246
DA:1829,246
DA:1830,246
DA:1831,246
DA:1832,246
DA:1833,246
DA:1834,246
DA:1835,246
DA:1836,246
DA:1837,246
DA:1838,246
DA:1839,246
DA:1840,246
DA:1841,246
DA:1842,246
DA:1843,246
DA:1844,246
DA:1845,246
DA:1846,246
DA:1847,246
DA:1848,246
DA:1849,246
DA:1850,246
DA:1851,246
DA:1852,246
DA:1853,246
DA:1854,246
DA:1855,246
DA:1856,246
DA:1857,246
DA:1858,246
DA:1859,246
DA:1860,246
DA:1861,246
DA:1862,246
DA:1863,246
DA:1864,246
DA:1865,246
DA:1866,246
DA:1867,246
DA:1868,246
DA:1869,246
DA:1870,246
DA:1871,246
DA:1872,246
DA:1873,246
DA:1874,246
DA:1875,246
DA:1876,246
DA:1877,246
DA:1878,246
DA:1879,246
DA:1880,246
DA:1881,246
DA:1882,246
DA:1883,246
DA:1884,246
DA:1885,246
DA:1886,246
DA:1887,246
DA:1888,246
DA:1889,246
DA:1890,246
DA:1891,246
DA:1892,246
DA:1893,246
DA:1894,246
DA:1895,246
DA:1896,246
DA:1897,246
DA:1898,246
DA:1899,246
DA:1900,246
DA:1901,246
DA:1902,246
DA:1903,246
DA:1904,246
DA:1905,246
DA:1906,246
DA:1907,246
DA:1908,246
DA:1909,246
DA:1910,246
DA:1911,246
DA:1912,246
DA:1913,246
DA:1914,246
DA:1915,246
DA:1916,246
DA:1917,246
DA:1918,246
DA:1919,246
DA:1920,246
DA:1921,246
DA:1922,246
DA:1923,246
DA:1924,246
DA:1925,246
DA:1926,246
DA:1927,246
DA:1928,246
DA:1929,246
DA:1930,246
DA:1931,246
DA:1932,246
DA:1933,246
DA:1934,246
DA:1935,246
DA:1936,246
DA:1937,246
DA:1938,246
DA:1939,246
DA:1940,246
DA:1941,246
DA:1942,246
DA:1943,246
DA:1944,246
DA:1945,246
DA:1946,246
DA:1947,246
DA:1948,246
DA:1949,246
DA:1950,246
DA:1951,246
DA:1952,246
DA:1953,246
DA:1954,246
DA:1955,246
DA:1956,246
DA:1957,246
DA:1958,246
DA:1959,246
DA:1960,246
DA:1961,246
DA:1962,246
DA:1963,246
DA:1964,246
DA:1965,246
DA:1966,246
DA:1967,246
DA:1968,246
DA:1969,246
DA:1970,246
DA:1971,246
DA:1972,246
DA:1973,246
DA:1974,246
DA:1975,246
DA:1976,246
DA:1977,246
DA:1978,246
DA:1979,246
DA:1980,246
DA:1981,246
DA:1982,246
DA:1983,246
DA:1984,246
DA:1985,246
DA:1986,246
DA:1987,246
DA:1988,246
DA:1989,246
DA:1990,246
DA:1991,246
DA:1992,246
DA:1993,246
DA:1994,246
DA:1995,246
DA:1996,246
DA:1997,246
DA:1998,246
DA:1999,246
DA:2000,246
DA:2001,246
DA:2002,246
DA:2003,246
DA:2004,246
DA:2005,246
DA:2006,246
DA:2007,246
DA:2008,246
DA:2009,246
DA:2010,246
DA:2011,246
DA:2012,246
DA:2013,246
DA:2014,246
DA:2015,246
DA:2016,246
DA:2017,246
DA:2018,246
DA:2019,246
DA:2020,246
DA:2021,246
DA:2022,246
DA:2023,246
DA:2024,246
DA:2025,246
DA:2026,246
DA:2027,246
DA:2028,246
DA:2029,246
DA:2030,246
DA:2031,246
DA:2032,246
DA:2033,246
DA:2034,246
DA:2035,246
DA:2036,246
DA:2037,246
DA:2038,246
DA:2039,246
DA:2040,246
DA:2041,246
DA:2042,246
DA:2043,246
DA:2044,246
DA:2045,246
DA:2046,246
DA:2047,246
DA:2048,246
DA:2049,246
DA:2050,246
DA:2051,246
DA:2052,246
DA:2053,246
DA:2054,246
DA:2055,246
DA:2056,246
DA:2057,246
DA:2058,246
DA:2059,246
DA:2060,246
DA:2061,246
DA:2062,246
DA:2063,246
DA:2064,246
DA:2065,246
DA:2066,246
DA:2067,246
DA:2068,246
DA:2069,246
DA:2070,246
DA:2071,246
DA:2072,246
DA:2073,246
DA:2074,246
DA:2075,246
DA:2076,246
DA:2077,246
DA:2078,246
DA:2079,246
DA:2080,246
DA:2081,246
DA:2082,246
DA:2083,246
DA:2084,246
DA:2085,246
DA:2086,246
DA:2087,246
DA:2088,246
DA:2089,246
DA:2090,246
DA:2091,246
DA:2092,246
DA:2093,246
DA:2094,246
DA:2095,246
DA:2096,246
DA:2097,246
DA:2098,246
DA:2099,246
DA:2100,246
DA:2101,246
DA:2102,246
DA:2103,246
DA:2104,246
DA:2105,246
DA:2106,246
DA:2107,246
DA:2108,246
DA:2109,246
DA:2110,246
DA:2111,246
DA:2112,246
DA:2113,246
DA:2114,246
DA:2115,246
DA:2116,246
DA:2117,246
DA:2118,246
DA:2119,246
DA:2120,246
DA:2121,246
DA:2122,246
DA:2123,246
DA:2124,246
DA:2125,246
DA:2126,246
DA:2127,246
DA:2128,246
DA:2129,246
DA:2130,246
DA:2131,246
DA:2132,246
DA:2133,246
DA:2134,246
DA:2135,246
DA:2136,246
DA:2137,246
DA:2138,246
DA:2139,246
DA:2140,246
DA:2141,246
DA:2142,246
DA:2143,246
DA:2144,246
DA:2145,246
DA:2146,246
DA:2147,246
DA:2148,246
DA:2149,246
DA:2150,246
DA:2151,246
DA:2152,246
DA:2153,246
DA:2154,246
DA:2155,246
DA:2156,246
DA:2157,246
DA:2158,246
DA:2159,246
DA:2160,246
DA:2161,246
DA:2162,246
DA:2163,246
DA:2164,246
DA:2165,246
DA:2166,246
DA:2167,246
DA:2168,246
DA:2169,246
DA:2170,246
DA:2171,246
DA:2172,246
DA:2173,246
DA:2174,246
DA:2175,246
DA:2176,246
DA:2177,246
DA:2178,246
DA:2179,246
DA:2180,246
DA:2181,246
DA:2182,246
DA:2183,246
DA:2184,246
DA:2185,246
DA:2186,246
DA:2187,246
DA:2188,246
DA:2189,246
DA:2190,246
DA:2191,246
DA:2192,246
DA:2193,246
DA:2194,246
DA:2195,246
DA:2196,246
DA:2197,246
DA:2198,246
DA:2199,246
DA:2200,246
DA:2201,246
DA:2202,246
DA:2203,246
DA:2204,246
DA:2205,246
DA:2206,246
DA:2207,246
DA:2208,246
DA:2209,246
DA:2210,246
DA:2211,246
DA:2212,246
DA:2213,246
DA:2214,246
DA:2215,246
DA:2216,246
DA:2217,246
DA:2218,246
DA:2219,246
DA:2220,246
DA:2221,246
DA:2222,246
DA:2223,246
DA:2224,246
DA:2225,246
DA:2226,246
DA:2227,246
DA:2228,246
DA:2229,246
DA:2230,246
DA:2231,246
DA:2232,246
DA:2233,246
DA:2234,246
DA:2235,246
DA:2236,246
DA:2237,246
DA:2238,246
DA:2239,246
DA:2240,246
DA:2241,246
DA:2242,246
DA:2243,246
DA:2244,246
DA:2245,246
DA:2246,246
DA:2247,246
DA:2248,246
DA:2249,246
DA:2250,246
DA:2251,246
DA:2252,246
DA:2253,246
DA:2254,246
DA:2255,246
DA:2256,246
DA:2257,246
DA:2258,246
DA:2259,246
DA:2260,246
DA:2261,246
DA:2262,246
DA:2263,246
DA:2264,246
DA:2265,246
DA:2266,246
DA:2267,246
DA:2268,246
DA:2269,246
DA:2270,246
DA:2271,246
DA:2272,246
DA:2273,246
DA:2274,246
DA:2275,246
DA:2276,246
DA:2277,246
DA:2278,246
DA:2279,246
DA:2280,246
DA:2281,246
DA:2282,246
DA:2283,246
DA:2284,246
DA:2285,246
DA:2286,246
DA:2287,246
DA:2288,246
DA:2289,246
DA:2290,246
DA:2291,246
DA:2292,246
DA:2293,246
DA:2294,246
DA:2295,246
DA:2296,246
DA:2297,246
DA:2298,246
DA:2299,246
DA:2300,246
DA:2301,246
DA:2302,246
DA:2303,246
DA:2304,246
DA:2305,246
DA:2306,246
DA:2307,246
DA:2308,246
DA:2309,246
DA:2310,246
DA:2311,246
DA:2312,246
DA:2313,246
DA:2314,246
DA:2315,246
DA:2316,246
DA:2317,246
DA:2318,246
DA:2319,246
DA:2320,246
DA:2321,246
DA:2322,246
DA:2323,246
DA:2324,246
DA:2325,246
DA:2326,246
DA:2327,246
DA:2328,246
DA:2329,246
DA:2330,246
DA:2331,246
DA:2332,246
DA:2333,246
DA:2334,246
DA:2335,246
DA:2336,246
DA:2337,246
DA:2338,246
DA:2339,246
DA:2340,246
DA:2341,246
DA:2342,246
DA:2343,246
DA:2344,246
DA:2345,246
DA:2346,246
DA:2347,246
DA:2348,246
DA:2349,246
DA:2350,246
DA:2351,246
DA:2352,246
DA:2353,246
DA:2354,246
DA:2355,246
DA:2356,246
DA:2357,246
DA:2358,246
DA:2359,246
DA:2360,246
DA:2361,246
DA:2362,246
DA:2363,246
DA:2364,246
DA:2365,246
DA:2366,246
DA:2367,246
DA:2368,246
DA:2369,246
DA:2370,246
DA:2371,246
DA:2372,246
DA:2373,246
DA:2374,246
DA:2375,246
DA:2376,246
DA:2377,246
DA:2378,246
DA:2379,246
DA:2380,246
DA:2381,246
DA:2382,246
DA:2383,246
DA:2384,246
DA:2385,246
DA:2386,246
DA:2387,246
DA:2388,246
DA:2389,246
DA:2390,246
DA:2391,246
DA:2392,246
DA:2393,246
DA:2394,246
DA:2395,246
DA:2396,246
DA:2397,246
DA:2398,246
DA:2399,246
DA:2400,246
DA:2401,246
DA:2402,246
DA:2403,246
DA:2404,246
DA:2405,246
DA:2406,246
DA:2407,246
DA:2408,246
DA:2409,246
DA:2410,246
DA:2411,246
DA:2412,246
DA:2413,246
DA:2414,246
DA:2415,246
DA:2416,246
DA:2417,246
DA:2418,246
DA:2419,246
DA:2420,246
DA:2421,246
DA:2422,246
DA:2423,246
DA:2424,246
DA:2425,246
DA:2426,246
DA:2427,246
DA:2428,246
DA:2429,246
DA:2430,246
DA:2431,246
DA:2432,246
DA:2433,246
DA:2434,246
DA:2435,246
DA:2436,246
DA:2437,246
DA:2438,246
DA:2439,246
DA:2440,246
DA:2441,246
DA:2442,246
DA:2443,246
DA:2444,246
DA:2445,246
DA:2446,246
DA:2447,246
DA:2448,246
DA:2449,246
DA:2450,246
DA:2451,246
DA:2452,246
DA:2453,246
DA:2454,246
DA:2455,246
DA:2456,246
DA:2457,246
DA:2458,246
DA:2459,246
DA:2460,246
DA:2461,246
DA:2462,246
DA:2463,246
DA:2464,246
DA:2465,246
DA:2466,246
DA:2467,246
DA:2468,246
DA:2469,246
DA:2470,246
DA:2471,246
DA:2472,246
DA:2473,246
DA:2474,246
DA:2475,246
DA:2476,246
DA:2477,246
DA:2478,246
DA:2479,246
DA:2480,246
DA:2481,246
DA:2482,246
DA:2483,246
DA:2484,246
DA:2485,246
DA:2486,246
DA:2487,246
DA:2488,246
DA:2489,246
DA:2490,246
DA:2491,246
DA:2492,246
DA:2493,246
DA:2494,246
DA:2495,246
DA:2496,246
DA:2497,246
DA:2498,246
DA:2499,246
DA:2500,246
DA:2501,246
DA:2502,246
DA:2503,246
DA:2504,246
DA:2505,246
DA:2506,246
DA:2507,246
DA:2508,246
DA:2509,246
DA:2510,246
DA:2511,246
DA:2512,246
DA:2513,246
DA:2514,246
DA:2515,246
DA:2516,246
DA:2517,246
DA:2518,246
DA:2519,246
DA:2520,246
DA:2521,246
DA:2522,246
DA:2523,246
DA:2524,246
DA:2525,246
DA:2526,246
DA:2527,246
DA:2528,246
DA:2529,246
DA:2530,246
DA:2531,246
DA:2532,246
DA:2533,246
DA:2534,246
DA:2535,246
DA:2536,246
DA:2537,246
DA:2538,246
DA:2539,246
DA:2540,246
DA:2541,246
DA:2542,246
DA:2543,246
DA:2544,246
DA:2545,246
DA:2546,246
DA:2547,246
DA:2548,246
DA:2549,246
DA:2550,246
DA:2551,246
DA:2552,246
DA:2553,246
DA:2554,246
DA:2555,246
DA:2556,246
DA:2557,246
DA:2558,246
DA:2559,246
DA:2560,246
DA:2561,246
DA:2562,246
DA:2563,246
DA:2564,246
DA:2565,246
DA:2566,246
DA:2567,246
DA:2568,246
DA:2569,246
DA:2570,246
DA:2571,246
DA:2572,246
DA:2573,246
DA:2574,246
DA:2575,246
DA:2576,246
DA:2577,246
DA:2578,246
DA:2579,246
DA:2580,246
DA:2581,246
DA:2582,246
DA:2583,246
DA:2584,246
DA:2585,246
DA:2586,246
DA:2587,246
DA:2588,246
DA:2589,246
DA:2590,246
DA:2591,246
DA:2592,246
DA:2593,246
DA:2594,246
DA:2595,246
DA:2596,246
DA:2597,246
DA:2598,246
DA:2599,246
DA:2600,246
DA:2601,246
DA:2602,246
DA:2603,246
DA:2604,246
DA:2605,246
DA:2606,246
DA:2607,246
DA:2608,246
DA:2609,246
DA:2610,246
DA:2611,246
DA:2612,246
DA:2613,246
DA:2614,246
DA:2615,246
DA:2616,246
DA:2617,246
DA:2618,246
DA:2619,246
DA:2620,246
DA:2621,246
DA:2622,246
DA:2623,246
DA:2624,246
DA:2625,246
DA:2626,246
DA:2627,246
DA:2628,246
DA:2629,246
DA:2630,246
DA:2631,246
DA:2632,246
DA:2633,246
DA:2634,246
DA:2635,246
DA:2636,246
DA:2637,246
DA:2638,246
DA:2639,246
DA:2640,246
DA:2641,246
DA:2642,246
DA:2643,246
DA:2644,246
DA:2645,246
DA:2646,246
DA:2647,246
DA:2648,246
DA:2649,246
DA:2650,246
DA:2651,246
DA:2652,246
DA:2653,246
DA:2654,246
DA:2655,246
DA:2656,246
DA:2657,246
DA:2658,246
DA:2659,246
DA:2660,246
DA:2661,246
DA:2662,246
DA:2663,246
DA:2664,246
DA:2665,246
DA:2666,246
DA:2667,246
DA:2668,246
DA:2669,246
DA:2670,246
DA:2671,246
DA:2672,246
DA:2673,246
DA:2674,246
DA:2675,246
DA:2676,246
DA:2677,246
DA:2678,246
DA:2679,246
DA:2680,246
DA:2681,246
DA:2682,246
DA:2683,246
DA:2684,246
DA:2685,246
DA:2686,246
DA:2687,246
DA:2688,246
DA:2689,246
DA:2690,246
DA:2691,246
DA:2692,246
DA:2693,246
DA:2694,246
DA:2695,246
DA:2696,246
DA:2697,246
DA:2698,246
DA:2699,246
DA:2700,246
DA:2701,246
DA:2702,246
DA:2703,246
DA:2704,246
DA:2705,246
DA:2706,246
DA:2707,246
DA:2708,246
DA:2709,246
DA:2710,246
DA:2711,246
DA:2712,246
DA:2713,246
DA:2714,246
DA:2715,246
DA:2716,246
DA:2717,246
DA:2718,246
DA:2719,246
DA:2720,246
DA:2721,246
DA:2722,246
DA:2723,246
DA:2724,246
DA:2725,246
DA:2726,246
DA:2727,246
DA:2728,246
DA:2729,246
DA:2730,246
DA:2731,246
DA:2732,246
DA:2733,246
DA:2734,246
DA:2735,246
DA:2736,246
DA:2737,246
DA:2738,246
DA:2739,246
DA:2740,246
DA:2741,246
DA:2742,246
DA:2743,246
DA:2744,246
DA:2745,246
DA:2746,246
DA:2747,246
DA:2748,246
DA:2749,246
DA:2750,246
DA:2751,246
DA:2752,246
DA:2753,246
DA:2754,246
DA:2755,246
DA:2756,246
DA:2757,246
DA:2758,246
DA:2759,246
DA:2760,246
DA:2761,246
DA:2762,246
DA:2763,246
DA:2764,246
DA:2765,246
DA:2766,246
DA:2767,246
DA:2768,246
DA:2769,246
DA:2770,246
DA:2771,246
DA:2772,246
DA:2773,246
DA:2774,246
DA:2775,246
DA:2776,246
DA:2777,246
DA:2778,246
DA:2779,246
DA:2780,246
DA:2781,246
DA:2782,246
DA:2783,246
DA:2784,246
DA:2785,246
DA:2786,246
DA:2787,246
DA:2788,246
DA:2789,246
DA:2790,246
DA:2791,246
DA:2792,246
DA:2793,246
DA:2794,246
DA:2795,246
DA:2796,246
DA:2797,246
DA:2798,246
DA:2799,246
DA:2800,246
DA:2801,246
DA:2802,246
DA:2803,246
DA:2804,246
DA:2805,246
DA:2806,246
DA:2807,246
DA:2808,246
DA:2809,246
DA:2810,246
DA:2811,246
DA:2812,246
DA:2813,246
DA:2814,246
DA:2815,246
DA:2816,246
DA:2817,246
DA:2818,246
DA:2819,246
DA:2820,246
DA:2821,246
DA:2822,246
DA:2823,246
DA:2824,246
DA:2825,246
DA:2826,246
DA:2827,246
DA:2828,246
DA:2829,246
DA:2830,246
DA:2831,246
DA:2832,246
DA:2833,246
DA:2834,246
DA:2835,246
DA:2836,246
DA:2837,246
DA:2838,246
DA:2839,246
DA:2840,246
DA:2841,246
DA:2842,246
DA:2843,246
DA:2844,246
DA:2845,246
DA:2846,246
DA:2847,246
DA:2848,246
DA:2849,246
DA:2850,246
DA:2851,246
DA:2852,246
DA:2853,246
DA:2854,246
DA:2855,246
DA:2856,246
DA:2857,246
DA:2858,246
DA:2859,246
DA:2860,246
DA:2861,246
DA:2862,246
DA:2863,246
DA:2864,246
DA:2865,246
DA:2866,246
DA:2867,246
DA:2868,246
DA:2869,246
DA:2870,246
DA:2871,246
DA:2872,246
DA:2873,246
DA:2874,246
DA:2875,246
DA:2876,246
DA:2877,246
DA:2878,246
DA:2879,246
DA:2880,246
DA:2881,246
DA:2882,246
DA:2883,246
DA:2884,246
DA:2885,246
DA:2886,246
DA:2887,246
DA:2888,246
DA:2889,246
DA:2890,246
DA:2891,246
DA:2892,246
DA:2893,246
DA:2894,246
DA:2895,246
DA:2896,246
DA:2897,246
DA:2898,246
DA:2899,246
DA:2900,246
DA:2901,246
DA:2902,246
DA:2903,246
DA:2904,246
DA:2905,246
DA:2906,246
DA:2907,246
DA:2908,246
DA:2909,246
DA:2910,246
DA:2911,246
DA:2912,246
DA:2913,246
DA:2914,246
DA:2915,246
DA:2916,246
DA:2917,246
DA:2918,246
DA:2919,246
DA:2920,246
DA:2921,246
DA:2922,246
DA:2923,246
DA:2924,246
DA:2925,246
DA:2926,246
DA:2927,246
DA:2928,246
DA:2929,246
DA:2930,246
DA:2931,246
DA:2932,246
DA:2933,246
DA:2934,246
DA:2935,246
DA:2936,246
DA:2937,246
DA:2938,246
DA:2939,246
DA:2940,246
DA:2941,246
DA:2942,246
DA:2943,246
DA:2944,246
DA:2945,246
DA:2946,246
DA:2947,246
DA:2948,246
DA:2949,246
DA:2950,246
DA:2951,246
DA:2952,246
DA:2953,246
DA:2954,246
DA:2955,246
DA:2956,246
DA:2957,246
DA:2958,246
DA:2959,246
DA:2960,246
DA:2961,246
DA:2962,246
DA:2963,246
DA:2964,246
DA:2965,246
DA:2966,246
DA:2967,246
DA:2968,246
DA:2969,246
DA:2970,246
DA:2971,246
DA:2972,246
DA:2973,246
DA:2974,246
DA:2975,246
DA:2976,246
DA:2977,246
DA:2978,246
DA:2979,246
DA:2980,246
DA:2981,246
DA:2982,246
DA:2983,246
DA:2984,246
DA:2985,246
DA:2986,246
DA:2987,246
DA:2988,246
DA:2989,246
DA:2990,246
DA:2991,246
DA:2992,246
DA:2993,246
DA:2994,246
DA:2995,246
DA:2996,246
DA:2997,246
DA:2998,246
DA:2999,246
DA:3000,246
DA:3001,246
DA:3002,246
DA:3003,246
DA:3004,246
DA:3005,246
DA:3006,246
DA:3007,246
DA:3008,246
DA:3009,246
DA:3010,246
DA:3011,246
DA:3012,246
DA:3013,246
DA:3014,246
DA:3015,246
DA:3016,246
DA:3017,246
DA:3018,246
DA:3019,246
DA:3020,246
DA:3021,246
DA:3022,246
DA:3023,246
DA:3024,246
DA:3025,246
DA:3026,246
DA:3027,246
DA:3028,246
DA:3029,246
DA:3030,246
DA:3031,246
DA:3032,246
DA:3033,246
DA:3034,246
DA:3035,246
DA:3036,246
DA:3037,246
DA:3038,246
DA:3039,246
DA:3040,246
DA:3041,246
DA:3042,246
DA:3043,246
DA:3044,246
DA:3045,246
DA:3046,246
DA:3047,246
DA:3048,246
DA:3049,246
DA:3050,246
DA:3051,246
DA:3052,246
DA:3053,246
DA:3054,246
DA:3055,246
DA:3056,246
DA:3057,246
DA:3058,246
DA:3059,246
DA:3060,246
DA:3061,246
DA:3062,246
DA:3063,246
DA:3064,246
DA:3065,246
DA:3066,246
DA:3067,246
DA:3068,246
DA:3069,246
DA:3070,246
DA:3071,246
DA:3072,246
DA:3073,246
DA:3074,246
DA:3075,246
DA:3076,246
DA:3077,246
DA:3078,246
DA:3079,246
DA:3080,246
DA:3081,246
DA:3082,246
DA:3083,246
DA:3084,246
DA:3085,246
DA:3086,246
DA:3087,246
DA:3088,246
DA:3089,246
DA:3090,246
DA:3091,246
DA:3092,246
DA:3093,246
DA:3094,246
DA:3095,246
DA:3096,246
DA:3097,246
DA:3098,246
DA:3099,246
DA:3100,246
DA:3101,246
DA:3102,246
DA:3103,246
DA:3104,246
DA:3105,246
DA:3106,246
DA:3107,246
DA:3108,246
DA:3109,246
DA:3110,246
DA:3111,246
DA:3112,246
DA:3113,246
DA:3114,246
DA:3115,246
DA:3116,246
DA:3117,246
DA:3118,246
DA:3119,246
DA:3120,246
DA:3121,246
DA:3122,246
DA:3123,246
DA:3124,246
DA:3125,246
DA:3126,246
DA:3127,246
DA:3128,246
DA:3129,246
DA:3130,246
DA:3131,246
DA:3132,246
DA:3133,246
DA:3134,246
DA:3135,246
DA:3136,246
DA:3137,246
DA:3138,246
DA:3139,246
DA:3140,246
DA:3141,246
DA:3142,246
DA:3143,246
DA:3144,246
DA:3145,246
DA:3146,246
DA:3147,246
DA:3148,246
DA:3149,246
DA:3150,246
DA:3151,246
DA:3152,246
DA:3153,246
DA:3154,246
DA:3155,246
DA:3156,246
DA:3157,246
DA:3158,246
DA:3159,246
DA:3160,246
DA:3161,246
DA:3162,246
DA:3163,246
DA:3164,246
DA:3165,246
DA:3166,246
DA:3167,246
DA:3168,246
DA:3169,246
DA:3170,246
DA:3171,246
DA:3172,246
DA:3173,246
DA:3174,246
DA:3175,246
DA:3176,246
DA:3177,246
DA:3178,246
DA:3179,246
DA:3180,246
DA:3181,246
DA:3182,246
DA:3183,246
DA:3184,246
DA:3185,246
DA:3186,246
DA:3187,246
DA:3188,246
DA:3189,246
DA:3190,246
DA:3191,246
DA:3192,246
DA:3193,246
DA:3194,246
DA:3195,246
DA:3196,246
DA:3197,246
DA:3198,246
DA:3199,246
DA:3200,246
DA:3201,246
DA:3202,246
DA:3203,246
DA:3204,246
DA:3205,246
DA:3206,246
DA:3207,246
DA:3208,246
DA:3209,246
DA:3210,246
DA:3211,246
DA:3212,246
DA:3213,246
DA:3214,246
DA:3215,246
DA:3216,246
DA:3217,246
DA:3218,246
DA:3219,246
DA:3220,246
DA:3221,246
DA:3222,246
DA:3223,246
DA:3224,246
DA:3225,246
DA:3226,246
DA:3227,246
DA:3228,246
DA:3229,246
DA:3230,246
DA:3231,246
DA:3232,246
DA:3233,246
DA:3234,246
DA:3235,246
DA:3236,246
DA:3237,246
DA:3238,246
DA:3239,246
DA:3240,246
DA:3241,246
DA:3242,246
DA:3243,246
DA:3244,246
DA:3245,246
DA:3246,246
DA:3247,246
DA:3248,246
DA:3249,246
DA:3250,246
DA:3251,246
DA:3252,246
DA:3253,246
DA:3254,246
DA:3255,246
DA:3256,246
DA:3257,246
DA:3258,246
DA:3259,246
DA:3260,246
DA:3261,246
DA:3262,246
DA:3263,246
DA:3264,246
DA:3265,246
DA:3266,246
DA:3267,246
DA:3268,246
DA:3269,246
DA:3270,246
DA:3271,246
DA:3272,246
DA:3273,246
DA:3274,246
DA:3275,246
DA:3276,246
DA:3277,246
DA:3278,246
DA:3279,246
DA:3280,246
DA:3281,246
DA:3282,246
DA:3283,246
DA:3284,246
DA:3285,246
DA:3286,246
DA:3287,246
DA:3288,246
DA:3289,246
DA:3290,246
DA:3291,246
DA:3292,246
DA:3293,246
DA:3294,246
DA:3295,246
DA:3296,246
DA:3297,246
DA:3298,246
DA:3299,246
DA:3300,246
DA:3301,246
DA:3302,246
DA:3303,246
DA:3304,246
DA:3305,246
DA:3306,246
DA:3307,246
DA:3308,246
DA:3309,246
DA:3310,246
DA:3311,246
DA:3312,246
DA:3313,246
DA:3314,246
DA:3315,246
DA:3316,246
DA:3317,246
DA:3318,246
DA:3319,246
DA:3320,246
DA:3321,246
DA:3322,246
DA:3323,246
DA:3324,246
DA:3325,246
DA:3326,246
DA:3327,246
DA:3328,246
DA:3329,246
DA:3330,246
DA:3331,246
DA:3332,246
DA:3333,246
DA:3334,246
DA:3335,246
DA:3336,246
DA:3337,246
DA:3338,246
DA:3339,246
DA:3340,246
DA:3341,246
DA:3342,246
DA:3343,246
DA:3344,246
DA:3345,246
DA:3346,246
DA:3347,246
DA:3348,246
DA:3349,246
DA:3350,246
DA:3351,246
DA:3352,246
DA:3353,246
DA:3354,246
DA:3355,246
DA:3356,246
DA:3357,246
DA:3358,246
DA:3359,246
DA:3360,246
DA:3361,246
DA:3362,246
DA:3363,246
DA:3364,246
DA:3365,246
DA:3366,246
DA:3367,246
DA:3368,246
DA:3369,246
DA:3370,246
DA:3371,246
DA:3372,246
DA:3373,246
DA:3374,246
DA:3375,246
DA:3376,246
DA:3377,246
DA:3378,246
DA:3379,246
DA:3380,246
DA:3381,246
DA:3382,246
DA:3383,246
DA:3384,246
DA:3385,246
DA:3386,246
DA:3387,246
DA:3388,246
DA:3389,246
DA:3390,246
DA:3391,246
DA:3392,246
DA:3393,246
DA:3394,246
DA:3395,246
DA:3396,246
DA:3397,246
DA:3398,246
DA:3399,246
DA:3400,246
DA:3401,246
DA:3402,246
DA:3403,246
DA:3404,246
DA:3405,246
DA:3406,246
DA:3407,246
DA:3408,246
DA:3409,246
DA:3410,246
DA:3411,246
DA:3412,246
DA:3413,246
DA:3414,246
DA:3415,246
DA:3416,246
DA:3417,246
DA:3418,246
DA:3419,246
DA:3420,246
DA:3421,246
DA:3422,246
DA:3423,246
DA:3424,246
DA:3425,246
DA:3426,246
DA:3427,246
DA:3428,246
DA:3429,246
DA:3430,246
DA:3431,246
DA:3432,246
DA:3433,246
DA:3434,246
DA:3435,246
DA:3436,246
DA:3437,246
DA:3438,246
DA:3439,246
DA:3440,246
DA:3441,246
DA:3442,246
DA:3443,246
DA:3444,246
DA:3445,246
DA:3446,246
DA:3447,246
DA:3448,246
DA:3449,246
DA:3450,246
DA:3451,246
DA:3452,246
DA:3453,246
DA:3454,246
DA:3455,246
DA:3456,246
DA:3457,246
DA:3458,246
DA:3459,246
DA:3460,246
DA:3461,246
DA:3462,246
DA:3463,246
DA:3464,246
DA:3465,246
DA:3466,246
DA:3467,246
DA:3468,246
[...]
BRDA:2397,747,0,1
BRDA:2397,748,0,1
BRDA:2397,749,0,1
BRDA:2413,750,0,228
BRDA:2415,751,0,229
BRDA:2416,752,0,2
BRDA:2417,753,0,1
BRDA:2420,754,0,1
BRDA:2425,755,0,228
BRDA:2428,756,0,229
BRDA:2429,757,0,2
BRDA:2429,758,0,1
BRDA:2436,759,0,228
BRDA:2436,760,0,1
BRDA:2437,761,0,1
BRDA:2448,762,0,2
BRDA:2452,763,0,3
BRDA:2454,764,0,2
BRDA:2456,765,0,1
BRDA:2462,766,0,1
BRDA:2453,767,0,3
BRDA:2455,768,0,2
BRDA:2457,769,0,1
BRDA:2468,770,0,230
BRDA:2474,771,0,230
BRDA:2475,772,0,230
BRDA:2476,773,0,230
BRDA:2477,774,0,3
BRDA:2477,775,0,3
BRDA:2477,776,0,1
BRDA:2490,777,0,3
BRDA:2490,778,0,3
BRDA:2490,779,0,2
BRDA:2499,780,0,1
BRDA:2498,781,0,2
BRDA:2500,782,0,1
BRDA:2503,783,0,1
BRDA:2513,784,0,3
BRDA:2518,785,0,1
BRDA:2519,786,0,1
BRDA:2528,787,0,5
BRDA:2531,788,0,3
BRDA:2532,789,0,2
BRDA:2534,790,0,1
BRDA:2540,791,0,1
BRDA:2543,792,0,2
BRDA:2544,793,0,1
BRDA:2556,794,0,1
BRDA:2557,795,0,1
BRDA:2560,796,0,1
BRDA:2561,797,0,1
BRDA:2564,798,0,1
BRDA:2565,799,0,1
BRDA:2568,800,0,1
BRDA:2569,801,0,1
BRDA:2572,802,0,1
BRDA:2573,803,0,1
BRDA:2576,804,0,1
BRDA:2581,805,0,228
BRDA:2583,806,0,228
BRDA:2584,807,0,228
BRDA:2585,808,0,229
BRDA:2586,809,0,228
BRDA:2588,810,0,1
BRDA:2591,811,0,1
BRDA:2593,812,0,1
BRDA:2603,813,0,2
BRDA:2604,814,0,2
BRDA:2605,815,0,1
BRDA:2634,816,0,2
BRDA:2636,817,0,1
BRDA:2650,818,0,4
BRDA:2652,819,0,1
BRDA:2657,820,0,3
BRDA:2660,821,0,1
BRDA:2660,822,0,2
BRDA:2671,823,0,1
BRDA:2653,824,0,1
BRDA:2658,825,0,3
BRDA:2664,826,0,4
BRDA:2669,827,0,4
BRDA:2681,828,0,1
BRDA:2694,829,0,1
BRDA:2713,830,0,1
BRDA:2714,831,0,1
BRDA:2719,832,0,1
BRDA:2731,833,0,248
BRDA:2732,834,0,1
BRDA:2732,835,0,1
BRDA:2742,836,0,1
BRDA:2756,837,0,3
BRDA:2757,838,0,2
BRDA:2758,839,0,1
BRDA:2758,840,0,1
BRDA:2759,841,0,1
BRDA:2765,842,0,248
BRDA:2766,843,0,248
BRDA:2767,844,0,248
BRDA:2768,845,0,253
BRDA:2769,846,0,6
BRDA:2769,847,0,6
BRDA:2771,848,0,1
BRDA:2774,849,0,1
BRDA:2777,850,0,1
BRDA:2778,851,0,1
BRDA:2781,852,0,1
BRDA:2784,853,0,1
BRDA:2787,854,0,1
BRDA:2802,855,0,1
BRDA:2804,856,0,1
BRDA:2813,857,0,2
BRDA:2815,858,0,1
BRDA:2815,859,0,1
BRDA:2818,860,0,2
BRDA:2827,861,0,1
BRDA:2835,862,0,1
BRDA:2844,863,0,1
BRDA:2849,864,0,1
BRDA:2857,865,0,1
BRDA:2863,866,0,1
BRDA:2864,867,0,1
BRDA:2872,868,0,1
BRDA:2879,869,0,1
BRDA:2888,870,0,248
BRDA:2889,871,0,1
BRDA:2889,872,0,1
BRDA:2889,873,0,1
BRDA:2889,874,0,1
BRDA:2895,875,0,1
BRDA:2903,876,0,2
BRDA:2905,877,0,1
BRDA:2916,878,0,248
BRDA:2917,879,0,248
BRDA:2918,880,0,248
BRDA:2919,881,0,250
BRDA:2921,882,0,1
BRDA:2921,883,0,1
BRDA:2925,884,0,1
BRDA:2931,885,0,1
BRDA:2926,886,0,1
BRDA:2932,887,0,1
BRDA:2943,888,0,254
BRDA:2944,889,0,7
BRDA:2944,890,0,7
BRDA:2944,891,0,7
BRDA:2945,892,0,6
BRDA:2948,893,0,1
BRDA:2951,894,0,1
BRDA:2955,895,0,1
BRDA:2958,896,0,1
BRDA:2971,897,0,1
BRDA:2972,898,0,1
BRDA:2973,899,0,1
BRDA:2976,900,0,1
BRDA:2980,901,0,1
BRDA:2962,902,0,1
BRDA:2987,903,0,1
BRDA:2989,904,0,1
BRDA:3010,905,0,1
BRDA:3016,906,0,2
BRDA:3018,907,0,2
BRDA:3019,908,0,2
BRDA:3020,909,0,2
BRDA:3025,910,0,1
BRDA:3041,911,0,1
BRDA:3043,912,0,1
BRDA:3044,913,0,1
BRDA:3045,914,0,1
BRDA:3062,915,0,1
BRDA:3070,916,0,1
BRDA:3072,917,0,1
BRDA:3073,918,0,1
BRDA:3074,919,0,1
BRDA:3091,920,0,1
BRDA:3092,921,0,1
BRDA:3093,922,0,1
BRDA:3094,923,0,1
BRDA:3108,924,0,2
BRDA:3121,925,0,2
BRDA:3122,926,0,1
BRDA:3131,927,0,3
BRDA:3132,928,0,3
BRDA:3133,929,0,3
BRDA:3134,930,0,3
BRDA:3136,931,0,1
BRDA:3140,932,0,2
BRDA:3140,933,0,1
BRDA:3154,934,0,1
BRDA:3162,935,0,1
BRDA:3178,936,0,4
BRDA:3188,937,0,3
BRDA:3189,938,0,1
BRDA:3203,939,0,2
BRDA:3204,940,0,1
BRDA:3225,941,0,1
BRDA:3234,942,0,7
BRDA:3237,943,0,1
BRDA:3240,944,0,1
BRDA:3243,945,0,1
BRDA:3246,946,0,1
BRDA:3249,947,0,1
BRDA:3252,948,0,1
BRDA:3255,949,0,1
BRDA:3261,950,0,1
BRDA:3265,951,0,3
BRDA:3275,952,0,2
BRDA:3277,953,0,1
BRDA:3286,954,0,1
BRDA:3291,955,0,3
BRDA:3299,956,0,2
BRDA:3301,957,0,1
BRDA:3309,958,0,1
BRDA:3314,959,0,1
BRDA:3320,960,0,1
BRDA:3324,961,0,3
BRDA:3325,962,0,2
BRDA:3325,963,0,2
BRDA:3326,964,0,1
BRDA:3339,965,0,1
BRDA:3356,966,0,1
BRDA:3359,967,0,1
BRDA:3367,968,0,1
BRDA:3369,969,0,1
BRDA:3370,970,0,1
BRDA:3382,971,0,2
BRDA:3386,972,0,1
BRDA:3385,973,0,2
BRDA:3395,974,0,1
BRDA:3401,975,0,6
BRDA:3409,976,0,3
BRDA:3431,977,0,3
BRDA:3416,978,0,2
BRDA:3418,979,0,1
BRDA:3425,980,0,1
BRDA:3436,981,0,2
BRDA:3438,982,0,1
BRDA:3444,983,0,1
BRDA:3453,984,0,1
BRDA:3460,985,0,1
BRDA:3468,986,0,2
BRDA:3469,987,0,1
BRDA:3471,988,0,2
BRDA:3472,989,0,1
BRDA:3475,990,0,1
BRDA:3479,991,0,1
BRDA:3481,992,0,1
BRDA:3498,993,0,1
BRDA:3500,994,0,2
BRDA:3501,995,0,1
BRDA:3504,996,0,1
BRDA:3509,997,0,1
BRDA:3511,998,0,1
BRDA:3525,999,0,3
BRDA:3527,1000,0,1
BRDA:3530,1001,0,1
BRDA:3533,1002,0,1
BRDA:3540,1003,0,2
BRDA:3541,1004,0,1
BRDA:3544,1005,0,1
BRDA:3544,1006,0,1
BRDA:3545,1007,0,1
BRDA:3554,1008,0,1
BRDA:3563,1009,0,1
BRDA:3662,1010,0,3
BRDA:3663,1011,0,2
BRDA:3665,1012,0,1
BRDA:3683,1013,0,4
BRDA:3684,1014,0,3
BRDA:3686,1015,0,1
BRDA:3692,1016,0,1
BRDA:3700,1017,0,1
BRDA:3738,1018,0,1
BRDA:3835,1019,0,493
BRDA:3836,1020,0,1
BRDA:3839,1021,0,492
BRDA:3836,1022,0,492
BRDA:3910,1023,0,1
BRDA:3916,1024,0,1
BRDA:3957,1025,0,1
BRDA:3961,1026,0,1
BRDA:3972,1027,0,1
BRDA:3993,1028,0,1
BRDA:3994,1029,0,1
BRDA:4015,1030,0,4
BRDA:4018,1031,0,1
BRDA:4021,1032,0,3
BRDA:4023,1033,0,2
BRDA:4024,1034,0,1
BRDA:4024,1035,0,1
BRDA:4029,1036,0,1
BRDA:4022,1037,0,3
BRDA:4033,1038,0,2
BRDA:4034,1039,0,1
BRDA:4034,1040,0,1
BRDA:4037,1041,0,4
BRDA:4039,1042,0,1
BRDA:4040,1043,0,2
BRDA:4040,1044,0,2
BRDA:4045,1045,0,2
BRDA:4046,1046,0,1
BRDA:4046,1047,0,1
BRDA:4056,1048,0,4
BRDA:4057,1049,0,3
BRDA:4059,1050,0,1
BRDA:4059,1051,0,1
BRDA:4061,1052,0,2
BRDA:4064,1053,0,2
BRDA:4065,1054,0,1
BRDA:4065,1055,0,1
BRDA:4074,1056,0,2
BRDA:4075,1057,0,1
BRDA:4085,1058,0,5
BRDA:4086,1059,0,1
BRDA:4090,1060,0,4
BRDA:4091,1061,0,1
BRDA:4099,1062,0,4
BRDA:4100,1063,0,1
BRDA:4100,1064,0,1
BRDA:4102,1065,0,3
BRDA:4107,1066,0,5
BRDA:4108,1067,0,2
BRDA:4109,1068,0,1
BRDA:4116,1069,0,3
BRDA:4123,1070,0,1
BRDA:4131,1071,0,1
BRDA:4137,1072,0,1
BRDA:4143,1073,0,2
BRDA:4145,1074,0,1
BRDA:4146,1075,0,1
BRDA:4149,1076,0,1
BRDA:4155,1077,0,2
BRDA:4165,1078,0,1
BRDA:4165,1079,0,1
BRDA:4157,1080,0,2
BRF:1081
BRH:1080
end_of_record
TN:
SF:projects/dlp-home-loan/src/app/shared/components/popup/popup.component.html
FN:1,Object.<anonymous>
FNF:1
FNH:1
FNDA:1,Object.<anonymous>
DA:1,1
DA:2,1
DA:3,1
DA:4,1
DA:5,1
DA:6,1
DA:7,1
DA:8,1
DA:9,1
DA:10,1
DA:11,1
DA:12,1
DA:13,1
DA:14,1
DA:15,1
DA:16,1
DA:17,1
DA:18,1
DA:19,1
DA:20,1
DA:21,1
DA:22,1
DA:23,1
DA:24,1
LF:24
LH:24
BRDA:1,0,0,1
BRDA:1,1,0,1
BRF:2
BRH:2
end_of_record
TN:
SF:projects/dlp-home-loan/src/app/shared/components/popup/popup.component.ts
FN:15,PopupComponent
FN:21,actionClick
FN:25,selectedValue
FNF:3
FNH:0
FNDA:0,PopupComponent
FNDA:0,actionClick
FNDA:0,selectedValue
DA:1,1
DA:2,1
DA:3,1
DA:4,1
DA:5,1
DA:6,1
DA:7,1
DA:8,1
DA:9,1
DA:10,1
DA:11,1
DA:12,1
DA:13,1
DA:14,1
DA:15,1
DA:16,0
DA:17,0
DA:18,0
DA:19,0
DA:20,1
DA:21,1
DA:22,0
DA:23,0
DA:24,1
DA:25,1
DA:26,0
DA:27,0
DA:28,1
LF:28
LH:20
BRF:0
BRH:0
end_of_record
TN:
SF:projects/dlp-home-loan/src/app/shared/components/snack-bar/snack-bar.component.html
FN:1,Object.<anonymous>
FNF:1
FNH:1
FNDA:1,Object.<anonymous>
DA:1,1
DA:2,1
DA:3,1
DA:4,1
DA:5,1
DA:6,1
DA:7,1
DA:8,1
LF:8
LH:8
BRDA:1,0,0,1
BRDA:1,1,0,1
BRF:2
BRH:2
end_of_record
TN:
SF:projects/dlp-home-loan/src/app/shared/components/snack-bar/snack-bar.component.ts
FN:10,SnackBarComponent
FNF:1
FNH:1
FNDA:2,SnackBarComponent
DA:1,1
DA:2,1
DA:3,1
DA:4,1
DA:5,1
DA:6,1
DA:7,1
DA:8,1
DA:9,1
DA:10,1
DA:11,2
DA:12,2
DA:13,2
DA:14,2
DA:15,1
LF:15
LH:15
BRDA:10,0,0,2
BRF:1
BRH:1
end_of_record
TN:
SF:projects/dlp-home-loan/src/app/shared/helpers/ArrayMethods.ts
FN:4,ArrayMethod
FN:18,insertAt
FN:35,getUniqueListBy
FN:39,removeKeys
FN:68,maskData
FN:74,getPropFromObj
FN:93,getPathVal
FN:111,normalPathFetch
FN:123,hardcodedPathFetch
FN:133,appendPathFetch
FNF:10
FNH:0
FNDA:0,ArrayMethod
FNDA:0,insertAt
FNDA:0,getUniqueListBy
FNDA:0,removeKeys
FNDA:0,maskData
FNDA:0,getPropFromObj
FNDA:0,getPathVal
FNDA:0,normalPathFetch
FNDA:0,hardcodedPathFetch
FNDA:0,appendPathFetch
DA:1,1
DA:2,1
DA:3,1
DA:4,1
DA:5,0
DA:6,0
DA:7,0
DA:8,0
DA:9,0
DA:10,0
DA:11,0
DA:12,0
DA:13,0
DA:14,0
DA:15,0
DA:16,0
DA:17,0
DA:18,0
DA:19,0
DA:20,0
DA:21,0
DA:22,0
DA:23,0
DA:24,0
DA:25,0
DA:26,0
DA:27,0
DA:28,0
DA:29,0
DA:30,0
DA:31,0
DA:32,0
DA:33,0
DA:34,0
DA:35,0
DA:36,0
DA:37,0
DA:38,0
DA:39,0
DA:40,0
DA:41,0
DA:42,0
DA:43,0
DA:44,0
DA:45,0
DA:46,0
DA:47,0
DA:48,0
DA:49,0
DA:50,0
DA:51,0
DA:52,0
DA:53,0
DA:54,0
DA:55,0
DA:56,0
DA:57,0
DA:58,0
DA:59,0
DA:60,0
DA:61,0
DA:62,0
DA:63,0
DA:64,0
DA:65,0
DA:66,0
DA:67,0
DA:68,0
DA:69,0
DA:70,0
DA:71,0
DA:72,0
DA:73,0
DA:74,0
DA:75,0
DA:76,0
DA:77,0
DA:78,0
DA:79,0
DA:80,0
DA:81,0
DA:82,0
DA:83,0
DA:84,0
DA:85,0
DA:86,0
DA:87,0
DA:88,0
DA:89,0
DA:90,0
DA:91,0
DA:92,0
DA:93,0
DA:94,0
DA:95,0
DA:96,0
DA:97,0
DA:98,0
DA:99,0
DA:100,0
DA:101,0
DA:102,0
DA:103,0
DA:104,0
DA:105,0
DA:106,0
DA:107,0
DA:108,0
DA:109,0
DA:110,0
DA:111,0
DA:112,0
DA:113,0
DA:114,0
DA:115,0
DA:116,0
DA:117,0
DA:118,0
DA:119,0
DA:120,0
DA:121,0
DA:122,0
DA:123,0
DA:124,0
DA:125,0
DA:126,0
DA:127,0
DA:128,0
DA:129,0
DA:130,0
DA:131,0
DA:132,0
DA:133,0
DA:134,0
DA:135,0
DA:136,0
DA:137,0
DA:138,0
DA:139,0
DA:140,0
DA:141,0
DA:142,0
DA:143,0
DA:144,0
DA:145,0
DA:146,0
DA:147,0
DA:148,0
DA:149,0
LF:149
LH:4
BRF:0
BRH:0
end_of_record
TN:
SF:projects/dlp-home-loan/src/app/shared/helpers/Encrypt.ts
FN:8,encrypt
FN:17,decrypt
FN:21,decrypt_api
FNF:3
FNH:0
FNDA:0,encrypt
FNDA:0,decrypt
FNDA:0,decrypt_api
DA:1,1
DA:2,1
DA:3,1
DA:4,1
DA:5,1
DA:6,1
DA:7,1
DA:8,1
DA:9,0
DA:10,0
DA:11,0
DA:12,0
DA:13,0
DA:14,0
DA:15,0
DA:16,1
DA:17,1
DA:18,0
DA:19,0
DA:20,1
DA:21,1
DA:22,0
DA:23,0
DA:24,0
DA:25,0
DA:26,0
DA:27,0
DA:28,0
DA:29,0
DA:30,0
DA:31,1
LF:31
LH:13
BRF:0
BRH:0
end_of_record
TN:
SF:projects/dlp-home-loan/src/app/shared/helpers/Formatters.ts
FN:5,dateToUnixParser
FN:12,formatDate
FN:29,template
FN:41,generateRandomColorCode
FN:48,formatCurrency
FN:52,getEncryptionFormattedTimestamp
FN:65,padZero
FNF:7
FNH:0
FNDA:0,dateToUnixParser
FNDA:0,formatDate
FNDA:0,template
FNDA:0,generateRandomColorCode
FNDA:0,formatCurrency
FNDA:0,getEncryptionFormattedTimestamp
FNDA:0,padZero
DA:1,1
DA:2,1
DA:3,1
DA:4,1
DA:5,1
DA:6,0
DA:7,0
DA:8,0
DA:9,0
DA:10,0
DA:11,1
DA:12,1
DA:13,0
DA:14,0
DA:15,0
DA:16,0
DA:17,0
DA:18,0
DA:19,0
DA:20,0
DA:21,0
DA:22,0
DA:23,0
DA:24,0
DA:25,0
DA:26,0
DA:27,0
DA:28,1
DA:29,1
DA:30,0
DA:31,0
DA:32,0
DA:33,0
DA:34,0
DA:35,0
DA:36,0
DA:37,0
DA:38,0
DA:39,0
DA:40,1
DA:41,1
DA:42,0
DA:43,0
DA:44,0
DA:45,0
DA:46,0
DA:47,1
DA:48,1
DA:49,0
DA:50,0
DA:51,1
DA:52,1
DA:53,0
DA:54,0
DA:55,0
DA:56,0
DA:57,0
DA:58,0
DA:59,0
DA:60,0
DA:61,0
DA:62,0
DA:63,0
DA:64,1
DA:65,1
DA:66,0
DA:67,0
DA:68,0
DA:69,1
LF:69
LH:18
BRF:0
BRH:0
end_of_record
TN:
SF:projects/dlp-home-loan/src/app/shared/helpers/JsonLogic.ts
FN:13,LogicFunctions
FN:21,init
FN:55,plus
FN:59,addValuestoDate
FN:90,currentDate
FN:94,truncate
FN:98,roundUp
FN:106,roundDown
FN:114,roundOff
FN:122,regex
FN:126,getAge
FN:137,length
FN:140,Arraylength
FN:146,maskData
FN:156,masterValue
FN:170,subFlowValue
FN:179,JourneyValue
FN:200,appendPathFetch
FN:228,returnObject
FN:232,findMasterObject
FN:242,findPinMasterObject
FN:247,checkNull
FN:251,getResume
FN:268,getPageCodeParam
FN:285,checkResumeJourney
FN:294,getObjectKeyValue
FN:303,getArrayIndexValue
FN:312,checkArray
FN:321,findArray
FN:325,currencyFormatter
FN:347,geturlParams
FN:362,getLocalStorage
FN:366,removeItemLs
FN:371,buildObject
FNF:34
FNH:0
FNDA:0,LogicFunctions
FNDA:0,init
FNDA:0,plus
FNDA:0,addValuestoDate
FNDA:0,currentDate
FNDA:0,truncate
FNDA:0,roundUp
FNDA:0,roundDown
FNDA:0,roundOff
FNDA:0,regex
FNDA:0,getAge
FNDA:0,length
FNDA:0,Arraylength
FNDA:0,maskData
FNDA:0,masterValue
FNDA:0,subFlowValue
FNDA:0,JourneyValue
FNDA:0,appendPathFetch
FNDA:0,returnObject
FNDA:0,findMasterObject
FNDA:0,findPinMasterObject
FNDA:0,checkNull
FNDA:0,getResume
FNDA:0,getPageCodeParam
FNDA:0,checkResumeJourney
FNDA:0,getObjectKeyValue
FNDA:0,getArrayIndexValue
FNDA:0,checkArray
FNDA:0,findArray
FNDA:0,currencyFormatter
FNDA:0,geturlParams
FNDA:0,getLocalStorage
FNDA:0,removeItemLs
FNDA:0,buildObject
DA:1,1
DA:2,1
DA:3,1
DA:4,1
DA:5,1
DA:6,1
DA:7,1
DA:8,1
DA:9,1
DA:10,1
DA:11,1
DA:12,1
DA:13,1
DA:14,0
DA:15,0
DA:16,0
DA:17,0
DA:18,0
DA:19,0
DA:20,1
DA:21,1
DA:22,0
DA:23,0
DA:24,0
DA:25,0
DA:26,0
DA:27,0
DA:28,0
DA:29,0
DA:30,0
DA:31,0
DA:32,0
DA:33,0
DA:34,0
DA:35,0
DA:36,0
DA:37,0
DA:38,0
DA:39,0
DA:40,0
DA:41,0
DA:42,0
DA:43,0
DA:44,0
DA:45,0
DA:46,0
DA:47,0
DA:48,0
DA:49,0
DA:50,0
DA:51,0
DA:52,0
DA:53,0
DA:54,1
DA:55,1
DA:56,0
DA:57,0
DA:58,1
DA:59,1
DA:60,0
DA:61,0
DA:62,0
DA:63,0
DA:64,0
DA:65,0
DA:66,0
DA:67,0
DA:68,0
DA:69,0
DA:70,0
DA:71,0
DA:72,0
DA:73,0
DA:74,0
DA:75,0
DA:76,0
DA:77,0
DA:78,0
DA:79,0
DA:80,0
DA:81,0
DA:82,0
DA:83,0
DA:84,0
DA:85,0
DA:86,0
DA:87,0
DA:88,0
DA:89,1
DA:90,1
DA:91,0
DA:92,0
DA:93,1
DA:94,1
DA:95,0
DA:96,0
DA:97,1
DA:98,1
DA:99,0
DA:100,0
DA:101,0
DA:102,0
DA:103,0
DA:104,0
DA:105,1
DA:106,1
DA:107,0
DA:108,0
DA:109,0
DA:110,0
DA:111,0
DA:112,0
DA:113,1
DA:114,1
DA:115,0
DA:116,0
DA:117,0
DA:118,0
DA:119,0
DA:120,0
DA:121,1
DA:122,1
DA:123,0
DA:124,0
DA:125,1
DA:126,1
DA:127,0
DA:128,0
DA:129,0
DA:130,0
DA:131,0
DA:132,0
DA:133,0
DA:134,0
DA:135,0
DA:136,1
DA:137,1
DA:138,0
DA:139,0
DA:140,1
DA:141,0
DA:142,0
DA:143,0
DA:144,0
DA:145,1
DA:146,1
DA:147,0
DA:148,0
DA:149,0
DA:150,0
DA:151,0
DA:152,0
DA:153,0
DA:154,0
DA:155,1
DA:156,1
DA:157,0
DA:158,0
DA:159,0
DA:160,0
DA:161,0
DA:162,0
DA:163,0
DA:164,0
DA:165,0
DA:166,0
DA:167,0
DA:168,0
DA:169,1
DA:170,1
DA:171,0
DA:172,0
DA:173,0
DA:174,0
DA:175,0
DA:176,0
DA:177,0
DA:178,1
DA:179,1
DA:180,0
DA:181,0
DA:182,0
DA:183,0
DA:184,0
DA:185,0
DA:186,0
DA:187,0
DA:188,0
DA:189,0
DA:190,0
DA:191,0
DA:192,0
DA:193,0
DA:194,0
DA:195,0
DA:196,0
DA:197,0
DA:198,0
DA:199,1
DA:200,1
DA:201,0
DA:202,0
DA:203,0
DA:204,0
DA:205,0
DA:206,0
DA:207,0
DA:208,0
DA:209,0
DA:210,0
DA:211,0
DA:212,0
DA:213,0
DA:214,0
DA:215,0
DA:216,0
DA:217,0
DA:218,0
DA:219,0
DA:220,0
DA:221,0
DA:222,0
DA:223,0
DA:224,0
DA:225,0
DA:226,0
DA:227,1
DA:228,1
DA:229,0
DA:230,0
DA:231,1
DA:232,1
DA:233,0
DA:234,0
DA:235,0
DA:236,0
DA:237,0
DA:238,0
DA:239,0
DA:240,0
DA:241,1
DA:242,1
DA:243,0
DA:244,0
DA:245,0
DA:246,1
DA:247,1
DA:248,0
DA:249,0
DA:250,1
DA:251,1
DA:252,0
DA:253,0
DA:254,0
DA:255,0
DA:256,0
DA:257,0
DA:258,0
DA:259,0
DA:260,0
DA:261,0
DA:262,0
DA:263,0
DA:264,0
DA:265,0
DA:266,0
DA:267,1
DA:268,1
DA:269,0
DA:270,0
DA:271,0
DA:272,0
DA:273,0
DA:274,0
DA:275,0
DA:276,0
DA:277,0
DA:278,0
DA:279,0
DA:280,0
DA:281,0
DA:282,0
DA:283,0
DA:284,1
DA:285,1
DA:286,0
DA:287,0
DA:288,0
DA:289,0
DA:290,0
DA:291,0
DA:292,0
DA:293,1
DA:294,1
DA:295,0
DA:296,0
DA:297,0
DA:298,0
DA:299,0
DA:300,0
DA:301,0
DA:302,1
DA:303,1
DA:304,0
DA:305,0
DA:306,0
DA:307,0
DA:308,0
DA:309,0
DA:310,0
DA:311,1
DA:312,1
DA:313,0
DA:314,0
DA:315,0
DA:316,0
DA:317,0
DA:318,0
DA:319,0
DA:320,1
DA:321,1
DA:322,0
DA:323,0
DA:324,1
DA:325,1
DA:326,0
DA:327,0
DA:328,0
DA:329,0
DA:330,0
DA:331,0
DA:332,0
DA:333,0
DA:334,0
DA:335,0
DA:336,0
DA:337,0
DA:338,0
DA:339,0
DA:340,0
DA:341,0
DA:342,0
DA:343,0
DA:344,0
DA:345,0
DA:346,1
DA:347,1
DA:348,0
DA:349,0
DA:350,0
DA:351,0
DA:352,0
DA:353,0
DA:354,0
DA:355,0
DA:356,0
DA:357,0
DA:358,0
DA:359,0
DA:360,0
DA:361,1
DA:362,1
DA:363,0
DA:364,0
DA:365,1
DA:366,1
DA:367,0
DA:368,0
DA:369,0
DA:370,1
DA:371,1
DA:372,0
DA:373,0
DA:374,0
DA:375,0
DA:376,0
DA:377,0
DA:378,0
DA:379,1
LF:379
LH:79
BRF:0
BRH:0
end_of_record
TN:
SF:projects/dlp-home-loan/src/app/shared/helpers/customHttpEncoder.ts
FN:4,encodeKey
FN:8,encodeValue
FN:12,decodeKey
FN:16,decodeValue
FNF:4
FNH:0
FNDA:0,encodeKey
FNDA:0,encodeValue
FNDA:0,decodeKey
FNDA:0,decodeValue
DA:1,1
DA:2,1
DA:3,1
DA:4,1
DA:5,0
DA:6,0
DA:7,1
DA:8,1
DA:9,0
DA:10,0
DA:11,1
DA:12,1
DA:13,0
DA:14,0
DA:15,1
DA:16,1
DA:17,0
DA:18,0
DA:19,1
LF:19
LH:11
BRF:0
BRH:0
end_of_record
TN:
SF:projects/dlp-home-loan/src/app/shared/helpers/localStorage.ts
FN:11,LocalStorage
FN:19,setItem
FN:34,SessionSetItem
FN:50,getItem
FN:63,SessionGetItem
FN:76,clear
FN:79,sessionClear
FN:83,removeItem
FN:87,SessionremoveItem
FNF:9
FNH:0
FNDA:0,LocalStorage
FNDA:0,setItem
FNDA:0,SessionSetItem
FNDA:0,getItem
FNDA:0,SessionGetItem
FNDA:0,clear
FNDA:0,sessionClear
FNDA:0,removeItem
FNDA:0,SessionremoveItem
DA:1,1
DA:2,1
DA:3,1
DA:4,1
DA:5,1
DA:6,1
DA:7,1
DA:8,1
DA:9,1
DA:10,1
DA:11,1
DA:12,0
DA:13,0
DA:14,0
DA:15,0
DA:16,0
DA:17,0
DA:18,1
DA:19,1
DA:20,0
DA:21,0
DA:22,0
DA:23,0
DA:24,0
DA:25,0
DA:26,0
DA:27,0
DA:28,0
DA:29,0
DA:30,0
DA:31,0
DA:32,0
DA:33,0
DA:34,1
DA:35,0
DA:36,0
DA:37,0
DA:38,0
DA:39,0
DA:40,0
DA:41,0
DA:42,0
DA:43,0
DA:44,0
DA:45,0
DA:46,0
DA:47,0
DA:48,0
DA:49,1
DA:50,1
DA:51,0
DA:52,0
DA:53,0
DA:54,0
DA:55,0
DA:56,0
DA:57,0
DA:58,0
DA:59,0
DA:60,0
DA:61,0
DA:62,1
DA:63,1
DA:64,0
DA:65,0
DA:66,0
DA:67,0
DA:68,0
DA:69,0
DA:70,0
DA:71,0
DA:72,0
DA:73,0
DA:74,0
DA:75,1
DA:76,1
DA:77,0
DA:78,0
DA:79,1
DA:80,0
DA:81,0
DA:82,1
DA:83,1
DA:84,0
DA:85,0
DA:86,1
DA:87,1
DA:88,0
DA:89,0
DA:90,1
LF:90
LH:26
BRF:0
BRH:0
end_of_record
TN:
SF:projects/dlp-home-loan/src/app/shared/services/utils/shared.service.ts
FN:13,SharedService
FN:16,openSnackBar
FNF:2
FNH:2
FNDA:246,SharedService
FNDA:2,openSnackBar
DA:1,1
DA:2,1
DA:3,1
DA:4,1
DA:5,1
DA:6,1
DA:7,1
DA:8,1
DA:9,1
DA:10,1
DA:11,1
DA:12,1
DA:13,1
DA:14,246
DA:15,1
DA:16,1
DA:17,2
DA:18,0
DA:19,0
DA:20,0
DA:21,0
DA:22,0
DA:23,0
DA:24,0
DA:25,0
DA:26,0
DA:27,0
DA:28,0
DA:29,2
DA:30,2
DA:31,2
DA:32,2
DA:33,2
DA:34,2
DA:35,2
DA:36,2
DA:37,2
DA:38,2
DA:39,2
DA:40,2
DA:41,2
DA:42,1
LF:42
LH:31
BRDA:13,0,0,246
BRDA:16,1,0,2
BRDA:17,2,0,0
BRF:3
BRH:2
end_of_record
TN:
SF:projects/dlp-home-loan/src/app/shared/utils/utils.ts
FN:1,reject
FN:5,isNull
FN:9,isEqual
FN:33,find
FN:61,assign
FN:65,uniqBy
FN:69,findLastIndex
FN:87,cloneDeep
FN:118,startCase
FN:127,lowerCase
FN:131,findIndex
FNF:11
FNH:0
FNDA:0,reject
FNDA:0,isNull
FNDA:0,isEqual
FNDA:0,find
FNDA:0,assign
FNDA:0,uniqBy
FNDA:0,findLastIndex
FNDA:0,cloneDeep
FNDA:0,startCase
FNDA:0,lowerCase
FNDA:0,findIndex
DA:1,0
DA:2,0
DA:3,0
DA:4,1
DA:5,0
DA:6,0
DA:7,0
DA:8,1
DA:9,0
DA:10,0
DA:11,0
DA:12,0
DA:13,0
DA:14,0
DA:15,0
DA:16,0
DA:17,0
DA:18,0
DA:19,0
DA:20,0
DA:21,0
DA:22,0
DA:23,0
DA:24,0
DA:25,0
DA:26,0
DA:27,0
DA:28,0
DA:29,0
DA:30,0
DA:31,0
DA:32,1
DA:33,0
DA:34,0
DA:35,0
DA:36,0
DA:37,0
DA:38,0
DA:39,0
DA:40,0
DA:41,0
DA:42,0
DA:43,0
DA:44,0
DA:45,0
DA:46,0
DA:47,0
DA:48,0
DA:49,0
DA:50,0
DA:51,0
DA:52,0
DA:53,0
DA:54,0
DA:55,0
DA:56,0
DA:57,0
DA:58,0
DA:59,0
DA:60,1
DA:61,0
DA:62,0
DA:63,0
DA:64,1
DA:65,0
DA:66,0
DA:67,0
DA:68,1
DA:69,0
DA:70,0
DA:71,0
DA:72,0
DA:73,0
DA:74,0
DA:75,0
DA:76,0
DA:77,0
DA:78,0
DA:79,0
DA:80,0
DA:81,0
DA:82,0
DA:83,0
DA:84,0
DA:85,0
DA:86,1
DA:87,0
DA:88,0
DA:89,0
DA:90,0
DA:91,0
DA:92,0
DA:93,0
DA:94,0
DA:95,0
DA:96,0
DA:97,0
DA:98,0
DA:99,0
DA:100,0
DA:101,0
DA:102,0
DA:103,0
DA:104,0
DA:105,0
DA:106,0
DA:107,0
DA:108,0
DA:109,0
DA:110,0
DA:111,0
DA:112,0
DA:113,0
DA:114,0
DA:115,0
DA:116,0
DA:117,1
DA:118,0
DA:119,0
DA:120,0
DA:121,0
DA:122,0
DA:123,0
DA:124,0
DA:125,0
DA:126,1
DA:127,0
DA:128,0
DA:129,0
DA:130,1
DA:131,0
DA:132,0
DA:133,0
LF:133
LH:10
BRF:0
BRH:0
end_of_record
TN:
SF:projects/dlp-home-loan/src/environments/environment.service.ts
FN:11,EnvironmentService
FN:16,get config
FN:20,loadConfiguration
FNF:3
FNH:2
FNDA:246,EnvironmentService
FNDA:738,get config
FNDA:0,loadConfiguration
DA:1,1
DA:2,1
DA:3,1
DA:4,1
DA:5,1
DA:6,1
DA:7,1
DA:8,1
DA:9,1
DA:10,1
DA:11,1
DA:12,246
DA:13,246
DA:14,246
DA:15,1
DA:16,1
DA:17,738
DA:18,738
DA:19,1
DA:20,1
DA:21,0
DA:22,0
DA:23,0
DA:24,0
DA:25,0
DA:26,0
DA:27,0
DA:28,0
DA:29,0
DA:30,0
DA:31,0
DA:32,0
DA:33,0
DA:34,0
DA:35,0
DA:36,0
DA:37,0
DA:38,0
DA:39,0
DA:40,0
DA:41,1
DA:42,1
DA:43,1
DA:44,1
DA:45,1
DA:46,1
DA:47,1
DA:48,1
DA:49,1
DA:50,1
DA:51,1
DA:52,1
DA:53,1
DA:54,1
DA:55,1
DA:56,1
DA:57,1
DA:58,1
DA:59,1
LF:59
LH:39
BRDA:11,0,0,246
BRDA:16,1,0,738
BRF:2
BRH:2
end_of_record
